{"/home/runner/work/frontend/frontend/src/App.tsx": {"path":"/home/runner/work/frontend/frontend/src/App.tsx","statementMap":{"0":{"start":{"line":46,"column":22},"end":{"line":64,"column":null}},"1":{"start":{"line":47,"column":2},"end":{"line":62,"column":null}}},"fnMap":{"0":{"name":"(anonymous_0)","decl":{"start":{"line":46,"column":22},"end":{"line":46,"column":28}},"loc":{"start":{"line":46,"column":28},"end":{"line":64,"column":null}},"line":46}},"branchMap":{},"s":{"0":1,"1":4},"f":{"0":4},"b":{},"meta":{"lastBranch":0,"lastFunction":1,"lastStatement":2,"seen":{"s:46:22:64:Infinity":0,"f:46:22:46:28":0,"s:47:2:62:Infinity":1}}}
,"/home/runner/work/frontend/frontend/src/i18n.ts": {"path":"/home/runner/work/frontend/frontend/src/i18n.ts","statementMap":{"0":{"start":{"line":46,"column":18},"end":{"line":49,"column":null}},"1":{"start":{"line":51,"column":0},"end":{"line":66,"column":null}},"2":{"start":{"line":68,"column":23},"end":{"line":68,"column":null}},"3":{"start":{"line":69,"column":0},"end":{"line":71,"column":null}},"4":{"start":{"line":70,"column":2},"end":{"line":70,"column":null}},"5":{"start":{"line":73,"column":0},"end":{"line":73,"column":null}}},"fnMap":{},"branchMap":{"0":{"loc":{"start":{"line":68,"column":23},"end":{"line":68,"column":null}},"type":"binary-expr","locations":[{"start":{"line":68,"column":23},"end":{"line":68,"column":59}},{"start":{"line":68,"column":59},"end":{"line":68,"column":null}}],"line":68},"1":{"loc":{"start":{"line":69,"column":0},"end":{"line":71,"column":null}},"type":"if","locations":[{"start":{"line":69,"column":0},"end":{"line":71,"column":null}},{"start":{},"end":{}}],"line":69}},"s":{"0":27,"1":27,"2":27,"3":27,"4":27,"5":27},"f":{},"b":{"0":[27,27],"1":[27,0]},"meta":{"lastBranch":2,"lastFunction":0,"lastStatement":6,"seen":{"s:46:18:49:Infinity":0,"s:51:0:66:Infinity":1,"s:68:23:68:Infinity":2,"b:68:23:68:59:68:59:68:Infinity":0,"b:69:0:71:Infinity:undefined:undefined:undefined:undefined":1,"s:69:0:71:Infinity":3,"s:70:2:70:Infinity":4,"s:73:0:73:Infinity":5}}}
,"/home/runner/work/frontend/frontend/src/api/ProductService.ts": {"path":"/home/runner/work/frontend/frontend/src/api/ProductService.ts","statementMap":{"0":{"start":{"line":27,"column":23},"end":{"line":124,"column":null}},"1":{"start":{"line":34,"column":21},"end":{"line":34,"column":null}},"2":{"start":{"line":35,"column":4},"end":{"line":35,"column":null}},"3":{"start":{"line":47,"column":21},"end":{"line":49,"column":null}},"4":{"start":{"line":50,"column":4},"end":{"line":50,"column":null}},"5":{"start":{"line":63,"column":21},"end":{"line":63,"column":null}},"6":{"start":{"line":64,"column":4},"end":{"line":64,"column":null}},"7":{"start":{"line":74,"column":21},"end":{"line":74,"column":null}},"8":{"start":{"line":75,"column":4},"end":{"line":75,"column":null}},"9":{"start":{"line":86,"column":21},"end":{"line":88,"column":null}},"10":{"start":{"line":89,"column":4},"end":{"line":89,"column":null}},"11":{"start":{"line":99,"column":21},"end":{"line":99,"column":null}},"12":{"start":{"line":100,"column":4},"end":{"line":100,"column":null}},"13":{"start":{"line":111,"column":4},"end":{"line":111,"column":null}},"14":{"start":{"line":122,"column":4},"end":{"line":122,"column":null}}},"fnMap":{"0":{"name":"(anonymous_0)","decl":{"start":{"line":33,"column":17},"end":{"line":33,"column":29}},"loc":{"start":{"line":33,"column":29},"end":{"line":36,"column":null}},"line":33},"1":{"name":"(anonymous_1)","decl":{"start":{"line":46,"column":22},"end":{"line":46,"column":29}},"loc":{"start":{"line":46,"column":60},"end":{"line":51,"column":null}},"line":46},"2":{"name":"(anonymous_2)","decl":{"start":{"line":62,"column":14},"end":{"line":62,"column":21}},"loc":{"start":{"line":62,"column":84},"end":{"line":65,"column":null}},"line":62},"3":{"name":"(anonymous_3)","decl":{"start":{"line":73,"column":17},"end":{"line":73,"column":24}},"loc":{"start":{"line":73,"column":39},"end":{"line":76,"column":null}},"line":73},"4":{"name":"(anonymous_4)","decl":{"start":{"line":85,"column":24},"end":{"line":85,"column":31}},"loc":{"start":{"line":85,"column":48},"end":{"line":90,"column":null}},"line":85},"5":{"name":"(anonymous_5)","decl":{"start":{"line":98,"column":18},"end":{"line":98,"column":25}},"loc":{"start":{"line":98,"column":40},"end":{"line":101,"column":null}},"line":98},"6":{"name":"(anonymous_6)","decl":{"start":{"line":110,"column":25},"end":{"line":110,"column":32}},"loc":{"start":{"line":110,"column":65},"end":{"line":112,"column":null}},"line":110},"7":{"name":"(anonymous_7)","decl":{"start":{"line":121,"column":22},"end":{"line":121,"column":29}},"loc":{"start":{"line":121,"column":59},"end":{"line":123,"column":null}},"line":121}},"branchMap":{"0":{"loc":{"start":{"line":89,"column":11},"end":{"line":89,"column":null}},"type":"cond-expr","locations":[{"start":{"line":89,"column":55},"end":{"line":89,"column":60}},{"start":{"line":89,"column":60},"end":{"line":89,"column":null}}],"line":89},"1":{"loc":{"start":{"line":89,"column":11},"end":{"line":89,"column":55}},"type":"binary-expr","locations":[{"start":{"line":89,"column":11},"end":{"line":89,"column":38}},{"start":{"line":89,"column":38},"end":{"line":89,"column":55}}],"line":89}},"s":{"0":9,"1":2,"2":1,"3":13,"4":6,"5":5,"6":4,"7":4,"8":3,"9":8,"10":5,"11":17,"12":6,"13":0,"14":0},"f":{"0":2,"1":13,"2":5,"3":4,"4":8,"5":17,"6":0,"7":0},"b":{"0":[3,2],"1":[5,4]},"meta":{"lastBranch":2,"lastFunction":8,"lastStatement":15,"seen":{"s:27:23:124:Infinity":0,"f:33:17:33:29":0,"s:34:21:34:Infinity":1,"s:35:4:35:Infinity":2,"f:46:22:46:29":1,"s:47:21:49:Infinity":3,"s:50:4:50:Infinity":4,"f:62:14:62:21":2,"s:63:21:63:Infinity":5,"s:64:4:64:Infinity":6,"f:73:17:73:24":3,"s:74:21:74:Infinity":7,"s:75:4:75:Infinity":8,"f:85:24:85:31":4,"s:86:21:88:Infinity":9,"s:89:4:89:Infinity":10,"b:89:55:89:60:89:60:89:Infinity":0,"b:89:11:89:38:89:38:89:55":1,"f:98:18:98:25":5,"s:99:21:99:Infinity":11,"s:100:4:100:Infinity":12,"f:110:25:110:32":6,"s:111:4:111:Infinity":13,"f:121:22:121:29":7,"s:122:4:122:Infinity":14}}}
,"/home/runner/work/frontend/frontend/src/api/auth.ts": {"path":"/home/runner/work/frontend/frontend/src/api/auth.ts","statementMap":{"0":{"start":{"line":50,"column":21},"end":{"line":68,"column":null}},"1":{"start":{"line":54,"column":19},"end":{"line":57,"column":null}},"2":{"start":{"line":59,"column":2},"end":{"line":61,"column":null}},"3":{"start":{"line":60,"column":4},"end":{"line":60,"column":null}},"4":{"start":{"line":63,"column":16},"end":{"line":63,"column":null}},"5":{"start":{"line":64,"column":25},"end":{"line":64,"column":null}},"6":{"start":{"line":65,"column":15},"end":{"line":65,"column":null}},"7":{"start":{"line":67,"column":2},"end":{"line":67,"column":null}}},"fnMap":{"0":{"name":"(anonymous_0)","decl":{"start":{"line":50,"column":21},"end":{"line":50,"column":null}},"loc":{"start":{"line":53,"column":47},"end":{"line":68,"column":null}},"line":53}},"branchMap":{"0":{"loc":{"start":{"line":59,"column":2},"end":{"line":61,"column":null}},"type":"if","locations":[{"start":{"line":59,"column":2},"end":{"line":61,"column":null}},{"start":{},"end":{}}],"line":59},"1":{"loc":{"start":{"line":60,"column":20},"end":{"line":60,"column":59}},"type":"binary-expr","locations":[{"start":{"line":60,"column":20},"end":{"line":60,"column":45}},{"start":{"line":60,"column":45},"end":{"line":60,"column":59}}],"line":60}},"s":{"0":12,"1":32,"2":32,"3":0,"4":32,"5":32,"6":32,"7":32},"f":{"0":32},"b":{"0":[0,32],"1":[0,0]},"meta":{"lastBranch":2,"lastFunction":1,"lastStatement":8,"seen":{"s:50:21:68:Infinity":0,"f:50:21:50:Infinity":0,"s:54:19:57:Infinity":1,"b:59:2:61:Infinity:undefined:undefined:undefined:undefined":0,"s:59:2:61:Infinity":2,"s:60:4:60:Infinity":3,"b:60:20:60:45:60:45:60:59":1,"s:63:16:63:Infinity":4,"s:64:25:64:Infinity":5,"s:65:15:65:Infinity":6,"s:67:2:67:Infinity":7}}}
,"/home/runner/work/frontend/frontend/src/components/Buttons.tsx": {"path":"/home/runner/work/frontend/frontend/src/components/Buttons.tsx","statementMap":{"0":{"start":{"line":40,"column":40},"end":{"line":79,"column":null}},"1":{"start":{"line":41,"column":8},"end":{"line":41,"column":null}},"2":{"start":{"line":42,"column":12},"end":{"line":42,"column":null}},"3":{"start":{"line":44,"column":2},"end":{"line":77,"column":null}},"4":{"start":{"line":50,"column":27},"end":{"line":50,"column":null}},"5":{"start":{"line":57,"column":27},"end":{"line":57,"column":null}},"6":{"start":{"line":66,"column":23},"end":{"line":66,"column":null}},"7":{"start":{"line":73,"column":23},"end":{"line":73,"column":null}}},"fnMap":{"0":{"name":"(anonymous_0)","decl":{"start":{"line":40,"column":40},"end":{"line":40,"column":41}},"loc":{"start":{"line":40,"column":74},"end":{"line":79,"column":null}},"line":40},"1":{"name":"(anonymous_1)","decl":{"start":{"line":50,"column":21},"end":{"line":50,"column":27}},"loc":{"start":{"line":50,"column":27},"end":{"line":50,"column":null}},"line":50},"2":{"name":"(anonymous_2)","decl":{"start":{"line":57,"column":21},"end":{"line":57,"column":27}},"loc":{"start":{"line":57,"column":27},"end":{"line":57,"column":null}},"line":57},"3":{"name":"(anonymous_3)","decl":{"start":{"line":66,"column":17},"end":{"line":66,"column":23}},"loc":{"start":{"line":66,"column":23},"end":{"line":66,"column":null}},"line":66},"4":{"name":"(anonymous_4)","decl":{"start":{"line":73,"column":17},"end":{"line":73,"column":23}},"loc":{"start":{"line":73,"column":23},"end":{"line":73,"column":null}},"line":73}},"branchMap":{"0":{"loc":{"start":{"line":40,"column":43},"end":{"line":40,"column":68}},"type":"default-arg","locations":[{"start":{"line":40,"column":62},"end":{"line":40,"column":68}}],"line":40},"1":{"loc":{"start":{"line":46,"column":7},"end":{"line":61,"column":null}},"type":"binary-expr","locations":[{"start":{"line":46,"column":7},"end":{"line":46,"column":null}},{"start":{"line":47,"column":8},"end":{"line":61,"column":null}}],"line":46}},"s":{"0":11,"1":48,"2":48,"3":48,"4":6,"5":2,"6":1,"7":1},"f":{"0":48,"1":6,"2":2,"3":1,"4":1},"b":{"0":[48],"1":[48,28]},"meta":{"lastBranch":2,"lastFunction":5,"lastStatement":8,"seen":{"s:40:40:79:Infinity":0,"f:40:40:40:41":0,"b:40:62:40:68":0,"s:41:8:41:Infinity":1,"s:42:12:42:Infinity":2,"s:44:2:77:Infinity":3,"b:46:7:46:Infinity:47:8:61:Infinity":1,"f:50:21:50:27":1,"s:50:27:50:Infinity":4,"f:57:21:57:27":2,"s:57:27:57:Infinity":5,"f:66:17:66:23":3,"s:66:23:66:Infinity":6,"f:73:17:73:23":4,"s:73:23:73:Infinity":7}}}
,"/home/runner/work/frontend/frontend/src/components/ErrorBoundary.tsx": {"path":"/home/runner/work/frontend/frontend/src/components/ErrorBoundary.tsx","statementMap":{"0":{"start":{"line":39,"column":52},"end":{"line":85,"column":null}},"1":{"start":{"line":40,"column":30},"end":{"line":40,"column":null}},"2":{"start":{"line":41,"column":24},"end":{"line":41,"column":null}},"3":{"start":{"line":42,"column":12},"end":{"line":42,"column":null}},"4":{"start":{"line":46,"column":2},"end":{"line":66,"column":null}},"5":{"start":{"line":47,"column":24},"end":{"line":51,"column":null}},"6":{"start":{"line":48,"column":6},"end":{"line":48,"column":null}},"7":{"start":{"line":49,"column":6},"end":{"line":49,"column":null}},"8":{"start":{"line":50,"column":6},"end":{"line":50,"column":null}},"9":{"start":{"line":54,"column":25},"end":{"line":54,"column":null}},"10":{"start":{"line":54,"column":48},"end":{"line":54,"column":null}},"11":{"start":{"line":57,"column":29},"end":{"line":57,"column":null}},"12":{"start":{"line":57,"column":63},"end":{"line":57,"column":null}},"13":{"start":{"line":59,"column":4},"end":{"line":59,"column":null}},"14":{"start":{"line":60,"column":4},"end":{"line":60,"column":null}},"15":{"start":{"line":62,"column":4},"end":{"line":65,"column":null}},"16":{"start":{"line":63,"column":6},"end":{"line":63,"column":null}},"17":{"start":{"line":64,"column":6},"end":{"line":64,"column":null}},"18":{"start":{"line":68,"column":2},"end":{"line":82,"column":null}},"19":{"start":{"line":69,"column":4},"end":{"line":80,"column":null}},"20":{"start":{"line":76,"column":25},"end":{"line":76,"column":null}},"21":{"start":{"line":84,"column":2},"end":{"line":84,"column":null}}},"fnMap":{"0":{"name":"(anonymous_0)","decl":{"start":{"line":39,"column":52},"end":{"line":39,"column":53}},"loc":{"start":{"line":39,"column":70},"end":{"line":85,"column":null}},"line":39},"1":{"name":"(anonymous_1)","decl":{"start":{"line":46,"column":12},"end":{"line":46,"column":18}},"loc":{"start":{"line":46,"column":18},"end":{"line":66,"column":5}},"line":46},"2":{"name":"(anonymous_2)","decl":{"start":{"line":47,"column":24},"end":{"line":47,"column":25}},"loc":{"start":{"line":47,"column":42},"end":{"line":51,"column":null}},"line":47},"3":{"name":"(anonymous_3)","decl":{"start":{"line":54,"column":25},"end":{"line":54,"column":26}},"loc":{"start":{"line":54,"column":48},"end":{"line":54,"column":null}},"line":54},"4":{"name":"(anonymous_4)","decl":{"start":{"line":57,"column":29},"end":{"line":57,"column":30}},"loc":{"start":{"line":57,"column":63},"end":{"line":57,"column":null}},"line":57},"5":{"name":"(anonymous_5)","decl":{"start":{"line":62,"column":11},"end":{"line":62,"column":17}},"loc":{"start":{"line":62,"column":17},"end":{"line":65,"column":null}},"line":62},"6":{"name":"(anonymous_6)","decl":{"start":{"line":76,"column":19},"end":{"line":76,"column":25}},"loc":{"start":{"line":76,"column":25},"end":{"line":76,"column":null}},"line":76}},"branchMap":{"0":{"loc":{"start":{"line":68,"column":2},"end":{"line":82,"column":null}},"type":"if","locations":[{"start":{"line":68,"column":2},"end":{"line":82,"column":null}},{"start":{},"end":{}}],"line":68}},"s":{"0":13,"1":62,"2":62,"3":62,"4":62,"5":55,"6":0,"7":0,"8":0,"9":55,"10":0,"11":55,"12":0,"13":55,"14":55,"15":55,"16":55,"17":55,"18":62,"19":0,"20":0,"21":62},"f":{"0":62,"1":55,"2":0,"3":0,"4":0,"5":55,"6":0},"b":{"0":[0,62]},"meta":{"lastBranch":1,"lastFunction":7,"lastStatement":22,"seen":{"s:39:52:85:Infinity":0,"f:39:52:39:53":0,"s:40:30:40:Infinity":1,"s:41:24:41:Infinity":2,"s:42:12:42:Infinity":3,"s:46:2:66:Infinity":4,"f:46:12:46:18":1,"s:47:24:51:Infinity":5,"f:47:24:47:25":2,"s:48:6:48:Infinity":6,"s:49:6:49:Infinity":7,"s:50:6:50:Infinity":8,"s:54:25:54:Infinity":9,"f:54:25:54:26":3,"s:54:48:54:Infinity":10,"s:57:29:57:Infinity":11,"f:57:29:57:30":4,"s:57:63:57:Infinity":12,"s:59:4:59:Infinity":13,"s:60:4:60:Infinity":14,"s:62:4:65:Infinity":15,"f:62:11:62:17":5,"s:63:6:63:Infinity":16,"s:64:6:64:Infinity":17,"b:68:2:82:Infinity:undefined:undefined:undefined:undefined":0,"s:68:2:82:Infinity":18,"s:69:4:80:Infinity":19,"f:76:19:76:25":6,"s:76:25:76:Infinity":20,"s:84:2:84:Infinity":21}}}
,"/home/runner/work/frontend/frontend/src/components/Footer.tsx": {"path":"/home/runner/work/frontend/frontend/src/components/Footer.tsx","statementMap":{"0":{"start":{"line":27,"column":25},"end":{"line":57,"column":null}},"1":{"start":{"line":28,"column":12},"end":{"line":28,"column":null}},"2":{"start":{"line":30,"column":2},"end":{"line":55,"column":null}}},"fnMap":{"0":{"name":"(anonymous_0)","decl":{"start":{"line":27,"column":25},"end":{"line":27,"column":31}},"loc":{"start":{"line":27,"column":31},"end":{"line":57,"column":null}},"line":27}},"branchMap":{},"s":{"0":19,"1":133,"2":133},"f":{"0":133},"b":{},"meta":{"lastBranch":0,"lastFunction":1,"lastStatement":3,"seen":{"s:27:25:57:Infinity":0,"f:27:25:27:31":0,"s:28:12:28:Infinity":1,"s:30:2:55:Infinity":2}}}
,"/home/runner/work/frontend/frontend/src/components/Header.tsx": {"path":"/home/runner/work/frontend/frontend/src/components/Header.tsx","statementMap":{"0":{"start":{"line":39,"column":38},"end":{"line":154,"column":null}},"1":{"start":{"line":40,"column":18},"end":{"line":40,"column":null}},"2":{"start":{"line":41,"column":8},"end":{"line":41,"column":null}},"3":{"start":{"line":42,"column":8},"end":{"line":42,"column":null}},"4":{"start":{"line":43,"column":24},"end":{"line":43,"column":null}},"5":{"start":{"line":44,"column":30},"end":{"line":46,"column":null}},"6":{"start":{"line":49,"column":25},"end":{"line":54,"column":null}},"7":{"start":{"line":50,"column":20},"end":{"line":50,"column":null}},"8":{"start":{"line":51,"column":4},"end":{"line":51,"column":null}},"9":{"start":{"line":52,"column":4},"end":{"line":52,"column":null}},"10":{"start":{"line":53,"column":4},"end":{"line":53,"column":null}},"11":{"start":{"line":57,"column":2},"end":{"line":63,"column":null}},"12":{"start":{"line":58,"column":4},"end":{"line":62,"column":null}},"13":{"start":{"line":59,"column":6},"end":{"line":59,"column":null}},"14":{"start":{"line":61,"column":6},"end":{"line":61,"column":null}},"15":{"start":{"line":66,"column":25},"end":{"line":71,"column":null}},"16":{"start":{"line":67,"column":4},"end":{"line":70,"column":null}},"17":{"start":{"line":68,"column":6},"end":{"line":68,"column":null}},"18":{"start":{"line":69,"column":6},"end":{"line":69,"column":null}},"19":{"start":{"line":74,"column":21},"end":{"line":91,"column":null}},"20":{"start":{"line":75,"column":17},"end":{"line":75,"column":null}},"21":{"start":{"line":76,"column":44},"end":{"line":84,"column":null}},"22":{"start":{"line":87,"column":4},"end":{"line":87,"column":null}},"23":{"start":{"line":87,"column":23},"end":{"line":87,"column":null}},"24":{"start":{"line":89,"column":4},"end":{"line":89,"column":null}},"25":{"start":{"line":89,"column":38},"end":{"line":89,"column":null}},"26":{"start":{"line":90,"column":4},"end":{"line":90,"column":null}},"27":{"start":{"line":94,"column":2},"end":{"line":108,"column":null}},"28":{"start":{"line":95,"column":26},"end":{"line":95,"column":null}},"29":{"start":{"line":96,"column":4},"end":{"line":98,"column":null}},"30":{"start":{"line":97,"column":6},"end":{"line":97,"column":null}},"31":{"start":{"line":100,"column":17},"end":{"line":100,"column":null}},"32":{"start":{"line":101,"column":4},"end":{"line":107,"column":null}},"33":{"start":{"line":102,"column":6},"end":{"line":102,"column":null}},"34":{"start":{"line":103,"column":4},"end":{"line":107,"column":null}},"35":{"start":{"line":104,"column":6},"end":{"line":104,"column":null}},"36":{"start":{"line":106,"column":6},"end":{"line":106,"column":null}},"37":{"start":{"line":110,"column":22},"end":{"line":110,"column":null}},"38":{"start":{"line":111,"column":22},"end":{"line":111,"column":null}},"39":{"start":{"line":113,"column":28},"end":{"line":125,"column":null}},"40":{"start":{"line":114,"column":4},"end":{"line":124,"column":null}},"41":{"start":{"line":115,"column":6},"end":{"line":120,"column":null}},"42":{"start":{"line":116,"column":8},"end":{"line":116,"column":null}},"43":{"start":{"line":118,"column":8},"end":{"line":118,"column":null}},"44":{"start":{"line":119,"column":8},"end":{"line":119,"column":null}},"45":{"start":{"line":122,"column":19},"end":{"line":122,"column":null}},"46":{"start":{"line":123,"column":6},"end":{"line":123,"column":null}},"47":{"start":{"line":127,"column":2},"end":{"line":152,"column":null}},"48":{"start":{"line":139,"column":59},"end":{"line":139,"column":81}},"49":{"start":{"line":142,"column":59},"end":{"line":142,"column":81}}},"fnMap":{"0":{"name":"(anonymous_0)","decl":{"start":{"line":39,"column":38},"end":{"line":39,"column":39}},"loc":{"start":{"line":39,"column":92},"end":{"line":154,"column":null}},"line":39},"1":{"name":"(anonymous_1)","decl":{"start":{"line":49,"column":25},"end":{"line":49,"column":31}},"loc":{"start":{"line":49,"column":31},"end":{"line":54,"column":null}},"line":49},"2":{"name":"(anonymous_2)","decl":{"start":{"line":57,"column":12},"end":{"line":57,"column":18}},"loc":{"start":{"line":57,"column":18},"end":{"line":63,"column":5}},"line":57},"3":{"name":"(anonymous_3)","decl":{"start":{"line":66,"column":25},"end":{"line":66,"column":26}},"loc":{"start":{"line":66,"column":42},"end":{"line":71,"column":null}},"line":66},"4":{"name":"(anonymous_4)","decl":{"start":{"line":74,"column":21},"end":{"line":74,"column":27}},"loc":{"start":{"line":74,"column":27},"end":{"line":91,"column":null}},"line":74},"5":{"name":"(anonymous_5)","decl":{"start":{"line":94,"column":12},"end":{"line":94,"column":18}},"loc":{"start":{"line":94,"column":18},"end":{"line":108,"column":5}},"line":94},"6":{"name":"(anonymous_6)","decl":{"start":{"line":113,"column":28},"end":{"line":113,"column":34}},"loc":{"start":{"line":113,"column":34},"end":{"line":125,"column":null}},"line":113},"7":{"name":"(anonymous_7)","decl":{"start":{"line":139,"column":53},"end":{"line":139,"column":59}},"loc":{"start":{"line":139,"column":59},"end":{"line":139,"column":81}},"line":139},"8":{"name":"(anonymous_8)","decl":{"start":{"line":142,"column":53},"end":{"line":142,"column":59}},"loc":{"start":{"line":142,"column":59},"end":{"line":142,"column":81}},"line":142}},"branchMap":{"0":{"loc":{"start":{"line":39,"column":63},"end":{"line":39,"column":86}},"type":"default-arg","locations":[{"start":{"line":39,"column":80},"end":{"line":39,"column":86}}],"line":39},"1":{"loc":{"start":{"line":52,"column":37},"end":{"line":52,"column":69}},"type":"cond-expr","locations":[{"start":{"line":52,"column":47},"end":{"line":52,"column":59}},{"start":{"line":52,"column":59},"end":{"line":52,"column":69}}],"line":52},"2":{"loc":{"start":{"line":58,"column":4},"end":{"line":62,"column":null}},"type":"if","locations":[{"start":{"line":58,"column":4},"end":{"line":62,"column":null}},{"start":{"line":60,"column":11},"end":{"line":62,"column":null}}],"line":58},"3":{"loc":{"start":{"line":67,"column":4},"end":{"line":70,"column":null}},"type":"if","locations":[{"start":{"line":67,"column":4},"end":{"line":70,"column":null}},{"start":{},"end":{}}],"line":67},"4":{"loc":{"start":{"line":87,"column":4},"end":{"line":87,"column":null}},"type":"if","locations":[{"start":{"line":87,"column":4},"end":{"line":87,"column":null}},{"start":{},"end":{}}],"line":87},"5":{"loc":{"start":{"line":89,"column":4},"end":{"line":89,"column":null}},"type":"if","locations":[{"start":{"line":89,"column":4},"end":{"line":89,"column":null}},{"start":{},"end":{}}],"line":89},"6":{"loc":{"start":{"line":95,"column":26},"end":{"line":95,"column":null}},"type":"binary-expr","locations":[{"start":{"line":95,"column":26},"end":{"line":95,"column":62}},{"start":{"line":95,"column":62},"end":{"line":95,"column":null}}],"line":95},"7":{"loc":{"start":{"line":96,"column":4},"end":{"line":98,"column":null}},"type":"if","locations":[{"start":{"line":96,"column":4},"end":{"line":98,"column":null}},{"start":{},"end":{}}],"line":96},"8":{"loc":{"start":{"line":101,"column":4},"end":{"line":107,"column":null}},"type":"if","locations":[{"start":{"line":101,"column":4},"end":{"line":107,"column":null}},{"start":{"line":103,"column":4},"end":{"line":107,"column":null}}],"line":101},"9":{"loc":{"start":{"line":103,"column":4},"end":{"line":107,"column":null}},"type":"if","locations":[{"start":{"line":103,"column":4},"end":{"line":107,"column":null}},{"start":{"line":105,"column":11},"end":{"line":107,"column":null}}],"line":103},"10":{"loc":{"start":{"line":110,"column":22},"end":{"line":110,"column":null}},"type":"binary-expr","locations":[{"start":{"line":110,"column":22},"end":{"line":110,"column":56}},{"start":{"line":110,"column":56},"end":{"line":110,"column":null}}],"line":110},"11":{"loc":{"start":{"line":111,"column":22},"end":{"line":111,"column":null}},"type":"cond-expr","locations":[{"start":{"line":111,"column":36},"end":{"line":111,"column":57}},{"start":{"line":111,"column":57},"end":{"line":111,"column":null}}],"line":111},"12":{"loc":{"start":{"line":114,"column":4},"end":{"line":124,"column":null}},"type":"if","locations":[{"start":{"line":114,"column":4},"end":{"line":124,"column":null}},{"start":{"line":121,"column":11},"end":{"line":124,"column":null}}],"line":114},"13":{"loc":{"start":{"line":115,"column":6},"end":{"line":120,"column":null}},"type":"if","locations":[{"start":{"line":115,"column":6},"end":{"line":120,"column":null}},{"start":{"line":117,"column":13},"end":{"line":120,"column":null}}],"line":115},"14":{"loc":{"start":{"line":123,"column":15},"end":{"line":123,"column":59}},"type":"cond-expr","locations":[{"start":{"line":123,"column":39},"end":{"line":123,"column":50}},{"start":{"line":123,"column":50},"end":{"line":123,"column":59}}],"line":123},"15":{"loc":{"start":{"line":136,"column":11},"end":{"line":136,"column":null}},"type":"cond-expr","locations":[{"start":{"line":136,"column":22},"end":{"line":136,"column":45}},{"start":{"line":136,"column":45},"end":{"line":136,"column":null}}],"line":136},"16":{"loc":{"start":{"line":146,"column":9},"end":{"line":149,"column":null}},"type":"binary-expr","locations":[{"start":{"line":146,"column":9},"end":{"line":146,"column":23}},{"start":{"line":146,"column":23},"end":{"line":146,"column":null}},{"start":{"line":147,"column":10},"end":{"line":149,"column":null}}],"line":146}},"s":{"0":20,"1":279,"2":279,"3":279,"4":279,"5":279,"6":279,"7":3,"8":3,"9":3,"10":3,"11":279,"12":137,"13":3,"14":134,"15":279,"16":3,"17":2,"18":2,"19":279,"20":279,"21":279,"22":279,"23":10,"24":269,"25":0,"26":269,"27":279,"28":138,"29":138,"30":2,"31":138,"32":138,"33":11,"34":127,"35":14,"36":113,"37":279,"38":279,"39":279,"40":0,"41":0,"42":0,"43":0,"44":0,"45":0,"46":0,"47":279,"48":1,"49":2},"f":{"0":279,"1":3,"2":137,"3":3,"4":279,"5":138,"6":0,"7":1,"8":2},"b":{"0":[279],"1":[2,1],"2":[3,134],"3":[2,1],"4":[10,269],"5":[0,269],"6":[138,136],"7":[2,136],"8":[11,127],"9":[14,113],"10":[279,279],"11":[0,279],"12":[0,0],"13":[0,0],"14":[0,0],"15":[4,275],"16":[279,132,128]},"meta":{"lastBranch":17,"lastFunction":9,"lastStatement":50,"seen":{"s:39:38:154:Infinity":0,"f:39:38:39:39":0,"b:39:80:39:86":0,"s:40:18:40:Infinity":1,"s:41:8:41:Infinity":2,"s:42:8:42:Infinity":3,"s:43:24:43:Infinity":4,"s:44:30:46:Infinity":5,"s:49:25:54:Infinity":6,"f:49:25:49:31":1,"s:50:20:50:Infinity":7,"s:51:4:51:Infinity":8,"s:52:4:52:Infinity":9,"b:52:47:52:59:52:59:52:69":1,"s:53:4:53:Infinity":10,"s:57:2:63:Infinity":11,"f:57:12:57:18":2,"b:58:4:62:Infinity:60:11:62:Infinity":2,"s:58:4:62:Infinity":12,"s:59:6:59:Infinity":13,"s:61:6:61:Infinity":14,"s:66:25:71:Infinity":15,"f:66:25:66:26":3,"b:67:4:70:Infinity:undefined:undefined:undefined:undefined":3,"s:67:4:70:Infinity":16,"s:68:6:68:Infinity":17,"s:69:6:69:Infinity":18,"s:74:21:91:Infinity":19,"f:74:21:74:27":4,"s:75:17:75:Infinity":20,"s:76:44:84:Infinity":21,"b:87:4:87:Infinity:undefined:undefined:undefined:undefined":4,"s:87:4:87:Infinity":22,"s:87:23:87:Infinity":23,"b:89:4:89:Infinity:undefined:undefined:undefined:undefined":5,"s:89:4:89:Infinity":24,"s:89:38:89:Infinity":25,"s:90:4:90:Infinity":26,"s:94:2:108:Infinity":27,"f:94:12:94:18":5,"s:95:26:95:Infinity":28,"b:95:26:95:62:95:62:95:Infinity":6,"b:96:4:98:Infinity:undefined:undefined:undefined:undefined":7,"s:96:4:98:Infinity":29,"s:97:6:97:Infinity":30,"s:100:17:100:Infinity":31,"b:101:4:107:Infinity:103:4:107:Infinity":8,"s:101:4:107:Infinity":32,"s:102:6:102:Infinity":33,"b:103:4:107:Infinity:105:11:107:Infinity":9,"s:103:4:107:Infinity":34,"s:104:6:104:Infinity":35,"s:106:6:106:Infinity":36,"s:110:22:110:Infinity":37,"b:110:22:110:56:110:56:110:Infinity":10,"s:111:22:111:Infinity":38,"b:111:36:111:57:111:57:111:Infinity":11,"s:113:28:125:Infinity":39,"f:113:28:113:34":6,"b:114:4:124:Infinity:121:11:124:Infinity":12,"s:114:4:124:Infinity":40,"b:115:6:120:Infinity:117:13:120:Infinity":13,"s:115:6:120:Infinity":41,"s:116:8:116:Infinity":42,"s:118:8:118:Infinity":43,"s:119:8:119:Infinity":44,"s:122:19:122:Infinity":45,"s:123:6:123:Infinity":46,"b:123:39:123:50:123:50:123:59":14,"s:127:2:152:Infinity":47,"b:136:22:136:45:136:45:136:Infinity":15,"f:139:53:139:59":7,"s:139:59:139:81":48,"f:142:53:142:59":8,"s:142:59:142:81":49,"b:146:9:146:23:146:23:146:Infinity:147:10:149:Infinity":16}}}
,"/home/runner/work/frontend/frontend/src/components/HelpModal.tsx": {"path":"/home/runner/work/frontend/frontend/src/components/HelpModal.tsx","statementMap":{"0":{"start":{"line":43,"column":44},"end":{"line":92,"column":null}},"1":{"start":{"line":44,"column":12},"end":{"line":44,"column":null}},"2":{"start":{"line":46,"column":2},"end":{"line":46,"column":null}},"3":{"start":{"line":46,"column":15},"end":{"line":46,"column":null}},"4":{"start":{"line":50,"column":18},"end":{"line":50,"column":null}},"5":{"start":{"line":52,"column":2},"end":{"line":90,"column":null}},"6":{"start":{"line":62,"column":12},"end":{"line":76,"column":null}},"7":{"start":{"line":63,"column":14},"end":{"line":66,"column":null}},"8":{"start":{"line":69,"column":12},"end":{"line":76,"column":null}},"9":{"start":{"line":70,"column":14},"end":{"line":73,"column":null}},"10":{"start":{"line":77,"column":12},"end":{"line":77,"column":null}}},"fnMap":{"0":{"name":"(anonymous_0)","decl":{"start":{"line":43,"column":44},"end":{"line":43,"column":45}},"loc":{"start":{"line":43,"column":78},"end":{"line":92,"column":null}},"line":43},"1":{"name":"(anonymous_1)","decl":{"start":{"line":60,"column":23},"end":{"line":60,"column":24}},"loc":{"start":{"line":60,"column":40},"end":{"line":78,"column":11}},"line":60}},"branchMap":{"0":{"loc":{"start":{"line":46,"column":2},"end":{"line":46,"column":null}},"type":"if","locations":[{"start":{"line":46,"column":2},"end":{"line":46,"column":null}},{"start":{},"end":{}}],"line":46},"1":{"loc":{"start":{"line":62,"column":12},"end":{"line":76,"column":null}},"type":"if","locations":[{"start":{"line":62,"column":12},"end":{"line":76,"column":null}},{"start":{"line":69,"column":12},"end":{"line":76,"column":null}}],"line":62},"2":{"loc":{"start":{"line":69,"column":12},"end":{"line":76,"column":null}},"type":"if","locations":[{"start":{"line":69,"column":12},"end":{"line":76,"column":null}},{"start":{},"end":{}}],"line":69}},"s":{"0":19,"1":103,"2":103,"3":92,"4":11,"5":11,"6":72,"7":10,"8":62,"9":39,"10":23},"f":{"0":103,"1":72},"b":{"0":[92,11],"1":[10,62],"2":[39,23]},"meta":{"lastBranch":3,"lastFunction":2,"lastStatement":11,"seen":{"s:43:44:92:Infinity":0,"f:43:44:43:45":0,"s:44:12:44:Infinity":1,"b:46:2:46:Infinity:undefined:undefined:undefined:undefined":0,"s:46:2:46:Infinity":2,"s:46:15:46:Infinity":3,"s:50:18:50:Infinity":4,"s:52:2:90:Infinity":5,"f:60:23:60:24":1,"b:62:12:76:Infinity:69:12:76:Infinity":1,"s:62:12:76:Infinity":6,"s:63:14:66:Infinity":7,"b:69:12:76:Infinity:undefined:undefined:undefined:undefined":2,"s:69:12:76:Infinity":8,"s:70:14:73:Infinity":9,"s:77:12:77:Infinity":10}}}
,"/home/runner/work/frontend/frontend/src/components/Sidebar.tsx": {"path":"/home/runner/work/frontend/frontend/src/components/Sidebar.tsx","statementMap":{"0":{"start":{"line":39,"column":40},"end":{"line":69,"column":null}},"1":{"start":{"line":40,"column":12},"end":{"line":40,"column":null}},"2":{"start":{"line":42,"column":2},"end":{"line":67,"column":null}},"3":{"start":{"line":54,"column":14},"end":{"line":56,"column":null}}},"fnMap":{"0":{"name":"(anonymous_0)","decl":{"start":{"line":39,"column":40},"end":{"line":39,"column":41}},"loc":{"start":{"line":39,"column":78},"end":{"line":69,"column":null}},"line":39},"1":{"name":"(anonymous_1)","decl":{"start":{"line":53,"column":34},"end":{"line":53,"column":35}},"loc":{"start":{"line":54,"column":14},"end":{"line":56,"column":null}},"line":54}},"branchMap":{"0":{"loc":{"start":{"line":51,"column":9},"end":{"line":60,"column":null}},"type":"cond-expr","locations":[{"start":{"line":52,"column":10},"end":{"line":58,"column":null}},{"start":{"line":60,"column":10},"end":{"line":60,"column":null}}],"line":51}},"s":{"0":4,"1":13,"2":13,"3":6},"f":{"0":13,"1":6},"b":{"0":[3,10]},"meta":{"lastBranch":1,"lastFunction":2,"lastStatement":4,"seen":{"s:39:40:69:Infinity":0,"f:39:40:39:41":0,"s:40:12:40:Infinity":1,"s:42:2:67:Infinity":2,"b:52:10:58:Infinity:60:10:60:Infinity":0,"f:53:34:53:35":1,"s:54:14:56:Infinity":3}}}
,"/home/runner/work/frontend/frontend/src/components/SkeletonLoader.tsx": {"path":"/home/runner/work/frontend/frontend/src/components/SkeletonLoader.tsx","statementMap":{"0":{"start":{"line":23,"column":33},"end":{"line":47,"column":null}},"1":{"start":{"line":24,"column":12},"end":{"line":24,"column":null}},"2":{"start":{"line":25,"column":32},"end":{"line":25,"column":null}},"3":{"start":{"line":28,"column":2},"end":{"line":34,"column":null}},"4":{"start":{"line":29,"column":20},"end":{"line":31,"column":null}},"5":{"start":{"line":30,"column":6},"end":{"line":30,"column":null}},"6":{"start":{"line":33,"column":4},"end":{"line":33,"column":null}},"7":{"start":{"line":33,"column":17},"end":{"line":33,"column":null}},"8":{"start":{"line":36,"column":2},"end":{"line":36,"column":null}},"9":{"start":{"line":36,"column":18},"end":{"line":36,"column":null}},"10":{"start":{"line":38,"column":2},"end":{"line":45,"column":null}}},"fnMap":{"0":{"name":"(anonymous_0)","decl":{"start":{"line":23,"column":33},"end":{"line":23,"column":39}},"loc":{"start":{"line":23,"column":39},"end":{"line":47,"column":null}},"line":23},"1":{"name":"(anonymous_1)","decl":{"start":{"line":28,"column":12},"end":{"line":28,"column":18}},"loc":{"start":{"line":28,"column":18},"end":{"line":34,"column":5}},"line":28},"2":{"name":"(anonymous_2)","decl":{"start":{"line":29,"column":31},"end":{"line":29,"column":37}},"loc":{"start":{"line":29,"column":37},"end":{"line":31,"column":7}},"line":29},"3":{"name":"(anonymous_3)","decl":{"start":{"line":33,"column":11},"end":{"line":33,"column":17}},"loc":{"start":{"line":33,"column":17},"end":{"line":33,"column":null}},"line":33}},"branchMap":{"0":{"loc":{"start":{"line":36,"column":2},"end":{"line":36,"column":null}},"type":"if","locations":[{"start":{"line":36,"column":2},"end":{"line":36,"column":null}},{"start":{},"end":{}}],"line":36}},"s":{"0":10,"1":0,"2":0,"3":0,"4":0,"5":0,"6":0,"7":0,"8":0,"9":0,"10":0},"f":{"0":0,"1":0,"2":0,"3":0},"b":{"0":[0,0]},"meta":{"lastBranch":1,"lastFunction":4,"lastStatement":11,"seen":{"s:23:33:47:Infinity":0,"f:23:33:23:39":0,"s:24:12:24:Infinity":1,"s:25:32:25:Infinity":2,"s:28:2:34:Infinity":3,"f:28:12:28:18":1,"s:29:20:31:Infinity":4,"f:29:31:29:37":2,"s:30:6:30:Infinity":5,"s:33:4:33:Infinity":6,"f:33:11:33:17":3,"s:33:17:33:Infinity":7,"b:36:2:36:Infinity:undefined:undefined:undefined:undefined":0,"s:36:2:36:Infinity":8,"s:36:18:36:Infinity":9,"s:38:2:45:Infinity":10}}}
,"/home/runner/work/frontend/frontend/src/locales/de.json": {"path":"/home/runner/work/frontend/frontend/src/locales/de.json","statementMap":{},"fnMap":{},"branchMap":{},"s":{},"f":{},"b":{},"meta":{"lastBranch":0,"lastFunction":0,"lastStatement":0,"seen":{}}}
,"/home/runner/work/frontend/frontend/src/locales/en.json": {"path":"/home/runner/work/frontend/frontend/src/locales/en.json","statementMap":{},"fnMap":{},"branchMap":{},"s":{},"f":{},"b":{},"meta":{"lastBranch":0,"lastFunction":0,"lastStatement":0,"seen":{}}}
,"/home/runner/work/frontend/frontend/src/locales/help_de.json": {"path":"/home/runner/work/frontend/frontend/src/locales/help_de.json","statementMap":{},"fnMap":{},"branchMap":{},"s":{},"f":{},"b":{},"meta":{"lastBranch":0,"lastFunction":0,"lastStatement":0,"seen":{}}}
,"/home/runner/work/frontend/frontend/src/locales/help_en.json": {"path":"/home/runner/work/frontend/frontend/src/locales/help_en.json","statementMap":{},"fnMap":{},"branchMap":{},"s":{},"f":{},"b":{},"meta":{"lastBranch":0,"lastFunction":0,"lastStatement":0,"seen":{}}}
,"/home/runner/work/frontend/frontend/src/logic/DashboardLogic.ts": {"path":"/home/runner/work/frontend/frontend/src/logic/DashboardLogic.ts","statementMap":{"0":{"start":{"line":25,"column":23},"end":{"line":54,"column":null}},"1":{"start":{"line":35,"column":4},"end":{"line":52,"column":null}},"2":{"start":{"line":37,"column":53},"end":{"line":40,"column":null}},"3":{"start":{"line":42,"column":29},"end":{"line":42,"column":null}},"4":{"start":{"line":43,"column":27},"end":{"line":43,"column":null}},"5":{"start":{"line":45,"column":6},"end":{"line":48,"column":null}},"6":{"start":{"line":50,"column":6},"end":{"line":50,"column":null}},"7":{"start":{"line":51,"column":6},"end":{"line":51,"column":null}}},"fnMap":{"0":{"name":"(anonymous_0)","decl":{"start":{"line":31,"column":8},"end":{"line":31,"column":null}},"loc":{"start":{"line":34,"column":5},"end":{"line":53,"column":null}},"line":34}},"branchMap":{"0":{"loc":{"start":{"line":42,"column":29},"end":{"line":42,"column":null}},"type":"binary-expr","locations":[{"start":{"line":42,"column":29},"end":{"line":42,"column":62}},{"start":{"line":42,"column":62},"end":{"line":42,"column":null}}],"line":42},"1":{"loc":{"start":{"line":43,"column":27},"end":{"line":43,"column":null}},"type":"cond-expr","locations":[{"start":{"line":43,"column":66},"end":{"line":43,"column":103}},{"start":{"line":43,"column":103},"end":{"line":43,"column":null}}],"line":43}},"s":{"0":5,"1":21,"2":21,"3":5,"4":21,"5":21,"6":2,"7":2},"f":{"0":21},"b":{"0":[5,1],"1":[4,1]},"meta":{"lastBranch":2,"lastFunction":1,"lastStatement":8,"seen":{"s:25:23:54:Infinity":0,"f:31:8:31:Infinity":0,"s:35:4:52:Infinity":1,"s:37:53:40:Infinity":2,"s:42:29:42:Infinity":3,"b:42:29:42:62:42:62:42:Infinity":0,"s:43:27:43:Infinity":4,"b:43:66:43:103:43:103:43:Infinity":1,"s:45:6:48:Infinity":5,"s:50:6:50:Infinity":6,"s:51:6:51:Infinity":7}}}
,"/home/runner/work/frontend/frontend/src/pages/AddProductPage.tsx": {"path":"/home/runner/work/frontend/frontend/src/pages/AddProductPage.tsx","statementMap":{"0":{"start":{"line":37,"column":33},"end":{"line":183,"column":null}},"1":{"start":{"line":38,"column":18},"end":{"line":38,"column":null}},"2":{"start":{"line":39,"column":22},"end":{"line":39,"column":null}},"3":{"start":{"line":40,"column":30},"end":{"line":40,"column":null}},"4":{"start":{"line":41,"column":24},"end":{"line":41,"column":null}},"5":{"start":{"line":42,"column":38},"end":{"line":42,"column":null}},"6":{"start":{"line":43,"column":28},"end":{"line":43,"column":null}},"7":{"start":{"line":44,"column":34},"end":{"line":44,"column":null}},"8":{"start":{"line":45,"column":8},"end":{"line":45,"column":null}},"9":{"start":{"line":50,"column":22},"end":{"line":54,"column":null}},"10":{"start":{"line":51,"column":4},"end":{"line":51,"column":null}},"11":{"start":{"line":52,"column":4},"end":{"line":52,"column":null}},"12":{"start":{"line":53,"column":4},"end":{"line":53,"column":null}},"13":{"start":{"line":60,"column":27},"end":{"line":75,"column":null}},"14":{"start":{"line":61,"column":4},"end":{"line":61,"column":null}},"15":{"start":{"line":62,"column":4},"end":{"line":73,"column":null}},"16":{"start":{"line":63,"column":6},"end":{"line":67,"column":null}},"17":{"start":{"line":68,"column":6},"end":{"line":68,"column":null}},"18":{"start":{"line":69,"column":6},"end":{"line":69,"column":null}},"19":{"start":{"line":71,"column":6},"end":{"line":71,"column":null}},"20":{"start":{"line":72,"column":6},"end":{"line":72,"column":null}},"21":{"start":{"line":74,"column":4},"end":{"line":74,"column":null}},"22":{"start":{"line":80,"column":23},"end":{"line":84,"column":null}},"23":{"start":{"line":81,"column":4},"end":{"line":81,"column":null}},"24":{"start":{"line":82,"column":4},"end":{"line":82,"column":null}},"25":{"start":{"line":83,"column":4},"end":{"line":83,"column":null}},"26":{"start":{"line":86,"column":2},"end":{"line":181,"column":null}},"27":{"start":{"line":88,"column":48},"end":{"line":88,"column":68}},"28":{"start":{"line":92,"column":25},"end":{"line":92,"column":null}},"29":{"start":{"line":100,"column":52},"end":{"line":100,"column":74}},"30":{"start":{"line":114,"column":31},"end":{"line":114,"column":null}},"31":{"start":{"line":127,"column":31},"end":{"line":127,"column":null}},"32":{"start":{"line":140,"column":31},"end":{"line":140,"column":null}},"33":{"start":{"line":151,"column":29},"end":{"line":151,"column":null}}},"fnMap":{"0":{"name":"(anonymous_0)","decl":{"start":{"line":37,"column":33},"end":{"line":37,"column":39}},"loc":{"start":{"line":37,"column":39},"end":{"line":183,"column":null}},"line":37},"1":{"name":"(anonymous_1)","decl":{"start":{"line":50,"column":22},"end":{"line":50,"column":28}},"loc":{"start":{"line":50,"column":28},"end":{"line":54,"column":null}},"line":50},"2":{"name":"(anonymous_2)","decl":{"start":{"line":60,"column":27},"end":{"line":60,"column":39}},"loc":{"start":{"line":60,"column":39},"end":{"line":75,"column":null}},"line":60},"3":{"name":"(anonymous_3)","decl":{"start":{"line":80,"column":23},"end":{"line":80,"column":29}},"loc":{"start":{"line":80,"column":29},"end":{"line":84,"column":null}},"line":80},"4":{"name":"(anonymous_4)","decl":{"start":{"line":88,"column":42},"end":{"line":88,"column":48}},"loc":{"start":{"line":88,"column":48},"end":{"line":88,"column":68}},"line":88},"5":{"name":"(anonymous_5)","decl":{"start":{"line":92,"column":19},"end":{"line":92,"column":25}},"loc":{"start":{"line":92,"column":25},"end":{"line":92,"column":null}},"line":92},"6":{"name":"(anonymous_6)","decl":{"start":{"line":100,"column":46},"end":{"line":100,"column":52}},"loc":{"start":{"line":100,"column":52},"end":{"line":100,"column":74}},"line":100},"7":{"name":"(anonymous_7)","decl":{"start":{"line":114,"column":24},"end":{"line":114,"column":25}},"loc":{"start":{"line":114,"column":31},"end":{"line":114,"column":null}},"line":114},"8":{"name":"(anonymous_8)","decl":{"start":{"line":127,"column":24},"end":{"line":127,"column":25}},"loc":{"start":{"line":127,"column":31},"end":{"line":127,"column":null}},"line":127},"9":{"name":"(anonymous_9)","decl":{"start":{"line":140,"column":24},"end":{"line":140,"column":25}},"loc":{"start":{"line":140,"column":31},"end":{"line":140,"column":null}},"line":140},"10":{"name":"(anonymous_10)","decl":{"start":{"line":151,"column":23},"end":{"line":151,"column":29}},"loc":{"start":{"line":151,"column":29},"end":{"line":151,"column":null}},"line":151}},"branchMap":{"0":{"loc":{"start":{"line":157,"column":11},"end":{"line":171,"column":null}},"type":"binary-expr","locations":[{"start":{"line":157,"column":11},"end":{"line":157,"column":null}},{"start":{"line":158,"column":12},"end":{"line":171,"column":null}}],"line":157},"1":{"loc":{"start":{"line":174,"column":11},"end":{"line":175,"column":null}},"type":"binary-expr","locations":[{"start":{"line":174,"column":11},"end":{"line":174,"column":null}},{"start":{"line":175,"column":12},"end":{"line":175,"column":null}}],"line":174}},"s":{"0":2,"1":15,"2":15,"3":15,"4":15,"5":15,"6":15,"7":15,"8":15,"9":15,"10":0,"11":0,"12":0,"13":15,"14":0,"15":0,"16":0,"17":0,"18":0,"19":0,"20":0,"21":0,"22":15,"23":0,"24":0,"25":0,"26":15,"27":0,"28":0,"29":0,"30":2,"31":0,"32":0,"33":2},"f":{"0":15,"1":0,"2":0,"3":0,"4":0,"5":0,"6":0,"7":2,"8":0,"9":0,"10":2},"b":{"0":[15,3],"1":[15,0]},"meta":{"lastBranch":2,"lastFunction":11,"lastStatement":34,"seen":{"s:37:33:183:Infinity":0,"f:37:33:37:39":0,"s:38:18:38:Infinity":1,"s:39:22:39:Infinity":2,"s:40:30:40:Infinity":3,"s:41:24:41:Infinity":4,"s:42:38:42:Infinity":5,"s:43:28:43:Infinity":6,"s:44:34:44:Infinity":7,"s:45:8:45:Infinity":8,"s:50:22:54:Infinity":9,"f:50:22:50:28":1,"s:51:4:51:Infinity":10,"s:52:4:52:Infinity":11,"s:53:4:53:Infinity":12,"s:60:27:75:Infinity":13,"f:60:27:60:39":2,"s:61:4:61:Infinity":14,"s:62:4:73:Infinity":15,"s:63:6:67:Infinity":16,"s:68:6:68:Infinity":17,"s:69:6:69:Infinity":18,"s:71:6:71:Infinity":19,"s:72:6:72:Infinity":20,"s:74:4:74:Infinity":21,"s:80:23:84:Infinity":22,"f:80:23:80:29":3,"s:81:4:81:Infinity":23,"s:82:4:82:Infinity":24,"s:83:4:83:Infinity":25,"s:86:2:181:Infinity":26,"f:88:42:88:48":4,"s:88:48:88:68":27,"f:92:19:92:25":5,"s:92:25:92:Infinity":28,"f:100:46:100:52":6,"s:100:52:100:74":29,"f:114:24:114:25":7,"s:114:31:114:Infinity":30,"f:127:24:127:25":8,"s:127:31:127:Infinity":31,"f:140:24:140:25":9,"s:140:31:140:Infinity":32,"f:151:23:151:29":10,"s:151:29:151:Infinity":33,"b:157:11:157:Infinity:158:12:171:Infinity":0,"b:174:11:174:Infinity:175:12:175:Infinity":1}}}
,"/home/runner/work/frontend/frontend/src/pages/AdminDashboard.tsx": {"path":"/home/runner/work/frontend/frontend/src/pages/AdminDashboard.tsx","statementMap":{"0":{"start":{"line":37,"column":33},"end":{"line":115,"column":null}},"1":{"start":{"line":38,"column":18},"end":{"line":38,"column":null}},"2":{"start":{"line":39,"column":34},"end":{"line":39,"column":null}},"3":{"start":{"line":40,"column":46},"end":{"line":40,"column":null}},"4":{"start":{"line":41,"column":8},"end":{"line":41,"column":null}},"5":{"start":{"line":42,"column":34},"end":{"line":42,"column":null}},"6":{"start":{"line":45,"column":2},"end":{"line":50,"column":null}},"7":{"start":{"line":46,"column":26},"end":{"line":46,"column":null}},"8":{"start":{"line":47,"column":4},"end":{"line":49,"column":null}},"9":{"start":{"line":48,"column":6},"end":{"line":48,"column":null}},"10":{"start":{"line":53,"column":2},"end":{"line":64,"column":null}},"11":{"start":{"line":54,"column":31},"end":{"line":62,"column":null}},"12":{"start":{"line":55,"column":6},"end":{"line":61,"column":null}},"13":{"start":{"line":56,"column":25},"end":{"line":56,"column":null}},"14":{"start":{"line":57,"column":8},"end":{"line":57,"column":null}},"15":{"start":{"line":58,"column":8},"end":{"line":58,"column":null}},"16":{"start":{"line":60,"column":8},"end":{"line":60,"column":null}},"17":{"start":{"line":63,"column":4},"end":{"line":63,"column":null}},"18":{"start":{"line":66,"column":2},"end":{"line":113,"column":null}},"19":{"start":{"line":69,"column":50},"end":{"line":69,"column":72}},"20":{"start":{"line":69,"column":72},"end":{"line":69,"column":92}},"21":{"start":{"line":73,"column":31},"end":{"line":73,"column":52}},"22":{"start":{"line":81,"column":56},"end":{"line":81,"column":78}},"23":{"start":{"line":95,"column":63},"end":{"line":98,"column":16}}},"fnMap":{"0":{"name":"(anonymous_0)","decl":{"start":{"line":37,"column":33},"end":{"line":37,"column":39}},"loc":{"start":{"line":37,"column":39},"end":{"line":115,"column":null}},"line":37},"1":{"name":"(anonymous_1)","decl":{"start":{"line":45,"column":12},"end":{"line":45,"column":18}},"loc":{"start":{"line":45,"column":18},"end":{"line":50,"column":5}},"line":45},"2":{"name":"(anonymous_2)","decl":{"start":{"line":53,"column":12},"end":{"line":53,"column":18}},"loc":{"start":{"line":53,"column":18},"end":{"line":64,"column":5}},"line":53},"3":{"name":"(anonymous_3)","decl":{"start":{"line":54,"column":31},"end":{"line":54,"column":43}},"loc":{"start":{"line":54,"column":43},"end":{"line":62,"column":null}},"line":54},"4":{"name":"(anonymous_4)","decl":{"start":{"line":69,"column":42},"end":{"line":69,"column":48}},"loc":{"start":{"line":69,"column":48},"end":{"line":69,"column":95}},"line":69},"5":{"name":"(anonymous_5)","decl":{"start":{"line":73,"column":25},"end":{"line":73,"column":31}},"loc":{"start":{"line":73,"column":31},"end":{"line":73,"column":52}},"line":73},"6":{"name":"(anonymous_6)","decl":{"start":{"line":81,"column":50},"end":{"line":81,"column":56}},"loc":{"start":{"line":81,"column":56},"end":{"line":81,"column":78}},"line":81},"7":{"name":"(anonymous_7)","decl":{"start":{"line":95,"column":51},"end":{"line":95,"column":63}},"loc":{"start":{"line":95,"column":63},"end":{"line":98,"column":16}},"line":95}},"branchMap":{"0":{"loc":{"start":{"line":46,"column":26},"end":{"line":46,"column":null}},"type":"binary-expr","locations":[{"start":{"line":46,"column":26},"end":{"line":46,"column":62}},{"start":{"line":46,"column":62},"end":{"line":46,"column":null}}],"line":46},"1":{"loc":{"start":{"line":47,"column":4},"end":{"line":49,"column":null}},"type":"if","locations":[{"start":{"line":47,"column":4},"end":{"line":49,"column":null}},{"start":{},"end":{}}],"line":47},"2":{"loc":{"start":{"line":58,"column":28},"end":{"line":58,"column":51}},"type":"binary-expr","locations":[{"start":{"line":58,"column":28},"end":{"line":58,"column":49}},{"start":{"line":58,"column":49},"end":{"line":58,"column":51}}],"line":58},"3":{"loc":{"start":{"line":79,"column":7},"end":{"line":82,"column":null}},"type":"binary-expr","locations":[{"start":{"line":79,"column":7},"end":{"line":79,"column":null}},{"start":{"line":80,"column":8},"end":{"line":82,"column":null}}],"line":79}},"s":{"0":2,"1":6,"2":6,"3":6,"4":6,"5":6,"6":6,"7":6,"8":6,"9":0,"10":6,"11":6,"12":6,"13":6,"14":0,"15":0,"16":0,"17":6,"18":6,"19":0,"20":0,"21":0,"22":0,"23":0},"f":{"0":6,"1":6,"2":6,"3":6,"4":0,"5":0,"6":0,"7":0},"b":{"0":[6,6],"1":[0,6],"2":[0,0],"3":[6,0]},"meta":{"lastBranch":4,"lastFunction":8,"lastStatement":24,"seen":{"s:37:33:115:Infinity":0,"f:37:33:37:39":0,"s:38:18:38:Infinity":1,"s:39:34:39:Infinity":2,"s:40:46:40:Infinity":3,"s:41:8:41:Infinity":4,"s:42:34:42:Infinity":5,"s:45:2:50:Infinity":6,"f:45:12:45:18":1,"s:46:26:46:Infinity":7,"b:46:26:46:62:46:62:46:Infinity":0,"b:47:4:49:Infinity:undefined:undefined:undefined:undefined":1,"s:47:4:49:Infinity":8,"s:48:6:48:Infinity":9,"s:53:2:64:Infinity":10,"f:53:12:53:18":2,"s:54:31:62:Infinity":11,"f:54:31:54:43":3,"s:55:6:61:Infinity":12,"s:56:25:56:Infinity":13,"s:57:8:57:Infinity":14,"s:58:8:58:Infinity":15,"b:58:28:58:49:58:49:58:51":2,"s:60:8:60:Infinity":16,"s:63:4:63:Infinity":17,"s:66:2:113:Infinity":18,"f:69:42:69:48":4,"s:69:50:69:72":19,"s:69:72:69:92":20,"f:73:25:73:31":5,"s:73:31:73:52":21,"b:79:7:79:Infinity:80:8:82:Infinity":3,"f:81:50:81:56":6,"s:81:56:81:78":22,"f:95:51:95:63":7,"s:95:63:98:16":23}}}
,"/home/runner/work/frontend/frontend/src/pages/ChangeProductDetailsPage.tsx": {"path":"/home/runner/work/frontend/frontend/src/pages/ChangeProductDetailsPage.tsx","statementMap":{"0":{"start":{"line":38,"column":43},"end":{"line":197,"column":null}},"1":{"start":{"line":39,"column":18},"end":{"line":39,"column":null}},"2":{"start":{"line":40,"column":20},"end":{"line":40,"column":null}},"3":{"start":{"line":41,"column":8},"end":{"line":41,"column":null}},"4":{"start":{"line":42,"column":28},"end":{"line":42,"column":null}},"5":{"start":{"line":43,"column":36},"end":{"line":43,"column":null}},"6":{"start":{"line":44,"column":30},"end":{"line":44,"column":null}},"7":{"start":{"line":45,"column":38},"end":{"line":45,"column":null}},"8":{"start":{"line":46,"column":28},"end":{"line":46,"column":null}},"9":{"start":{"line":47,"column":34},"end":{"line":47,"column":null}},"10":{"start":{"line":53,"column":30},"end":{"line":58,"column":null}},"11":{"start":{"line":54,"column":17},"end":{"line":54,"column":null}},"12":{"start":{"line":55,"column":4},"end":{"line":57,"column":null}},"13":{"start":{"line":55,"column":31},"end":{"line":55,"column":null}},"14":{"start":{"line":55,"column":48},"end":{"line":57,"column":null}},"15":{"start":{"line":56,"column":35},"end":{"line":56,"column":null}},"16":{"start":{"line":57,"column":9},"end":{"line":57,"column":null}},"17":{"start":{"line":61,"column":2},"end":{"line":75,"column":null}},"18":{"start":{"line":62,"column":32},"end":{"line":72,"column":null}},"19":{"start":{"line":63,"column":6},"end":{"line":71,"column":null}},"20":{"start":{"line":64,"column":31},"end":{"line":64,"column":null}},"21":{"start":{"line":65,"column":8},"end":{"line":65,"column":null}},"22":{"start":{"line":66,"column":8},"end":{"line":66,"column":null}},"23":{"start":{"line":67,"column":8},"end":{"line":67,"column":null}},"24":{"start":{"line":69,"column":8},"end":{"line":69,"column":null}},"25":{"start":{"line":70,"column":8},"end":{"line":70,"column":null}},"26":{"start":{"line":74,"column":4},"end":{"line":74,"column":null}},"27":{"start":{"line":78,"column":2},"end":{"line":87,"column":null}},"28":{"start":{"line":79,"column":33},"end":{"line":81,"column":null}},"29":{"start":{"line":80,"column":6},"end":{"line":80,"column":null}},"30":{"start":{"line":80,"column":30},"end":{"line":80,"column":34}},"31":{"start":{"line":83,"column":4},"end":{"line":83,"column":null}},"32":{"start":{"line":84,"column":4},"end":{"line":86,"column":null}},"33":{"start":{"line":85,"column":6},"end":{"line":85,"column":null}},"34":{"start":{"line":94,"column":28},"end":{"line":111,"column":null}},"35":{"start":{"line":95,"column":4},"end":{"line":95,"column":null}},"36":{"start":{"line":96,"column":4},"end":{"line":109,"column":null}},"37":{"start":{"line":97,"column":6},"end":{"line":99,"column":null}},"38":{"start":{"line":98,"column":8},"end":{"line":98,"column":null}},"39":{"start":{"line":100,"column":6},"end":{"line":102,"column":null}},"40":{"start":{"line":101,"column":8},"end":{"line":101,"column":null}},"41":{"start":{"line":103,"column":6},"end":{"line":103,"column":null}},"42":{"start":{"line":105,"column":6},"end":{"line":105,"column":null}},"43":{"start":{"line":105,"column":23},"end":{"line":105,"column":46}},"44":{"start":{"line":107,"column":6},"end":{"line":107,"column":null}},"45":{"start":{"line":108,"column":6},"end":{"line":108,"column":null}},"46":{"start":{"line":110,"column":4},"end":{"line":110,"column":null}},"47":{"start":{"line":116,"column":23},"end":{"line":121,"column":null}},"48":{"start":{"line":117,"column":4},"end":{"line":117,"column":null}},"49":{"start":{"line":118,"column":4},"end":{"line":118,"column":null}},"50":{"start":{"line":119,"column":4},"end":{"line":119,"column":null}},"51":{"start":{"line":120,"column":4},"end":{"line":120,"column":null}},"52":{"start":{"line":123,"column":2},"end":{"line":123,"column":null}},"53":{"start":{"line":123,"column":16},"end":{"line":123,"column":null}},"54":{"start":{"line":125,"column":2},"end":{"line":195,"column":null}},"55":{"start":{"line":127,"column":48},"end":{"line":127,"column":68}},"56":{"start":{"line":131,"column":25},"end":{"line":131,"column":null}},"57":{"start":{"line":139,"column":52},"end":{"line":139,"column":74}},"58":{"start":{"line":149,"column":29},"end":{"line":149,"column":null}},"59":{"start":{"line":160,"column":29},"end":{"line":160,"column":null}},"60":{"start":{"line":169,"column":89},"end":{"line":169,"column":null}}},"fnMap":{"0":{"name":"(anonymous_0)","decl":{"start":{"line":38,"column":43},"end":{"line":38,"column":49}},"loc":{"start":{"line":38,"column":49},"end":{"line":197,"column":null}},"line":38},"1":{"name":"(anonymous_1)","decl":{"start":{"line":53,"column":30},"end":{"line":53,"column":36}},"loc":{"start":{"line":53,"column":36},"end":{"line":58,"column":null}},"line":53},"2":{"name":"(anonymous_2)","decl":{"start":{"line":61,"column":12},"end":{"line":61,"column":18}},"loc":{"start":{"line":61,"column":18},"end":{"line":75,"column":5}},"line":61},"3":{"name":"(anonymous_3)","decl":{"start":{"line":62,"column":32},"end":{"line":62,"column":44}},"loc":{"start":{"line":62,"column":44},"end":{"line":72,"column":null}},"line":62},"4":{"name":"(anonymous_4)","decl":{"start":{"line":78,"column":12},"end":{"line":78,"column":18}},"loc":{"start":{"line":78,"column":18},"end":{"line":87,"column":5}},"line":78},"5":{"name":"(anonymous_5)","decl":{"start":{"line":79,"column":33},"end":{"line":79,"column":39}},"loc":{"start":{"line":79,"column":39},"end":{"line":81,"column":null}},"line":79},"6":{"name":"(anonymous_6)","decl":{"start":{"line":80,"column":20},"end":{"line":80,"column":21}},"loc":{"start":{"line":80,"column":30},"end":{"line":80,"column":34}},"line":80},"7":{"name":"(anonymous_7)","decl":{"start":{"line":84,"column":11},"end":{"line":84,"column":17}},"loc":{"start":{"line":84,"column":17},"end":{"line":86,"column":null}},"line":84},"8":{"name":"(anonymous_8)","decl":{"start":{"line":94,"column":28},"end":{"line":94,"column":40}},"loc":{"start":{"line":94,"column":40},"end":{"line":111,"column":null}},"line":94},"9":{"name":"(anonymous_9)","decl":{"start":{"line":105,"column":17},"end":{"line":105,"column":23}},"loc":{"start":{"line":105,"column":23},"end":{"line":105,"column":46}},"line":105},"10":{"name":"(anonymous_10)","decl":{"start":{"line":116,"column":23},"end":{"line":116,"column":29}},"loc":{"start":{"line":116,"column":29},"end":{"line":121,"column":null}},"line":116},"11":{"name":"(anonymous_11)","decl":{"start":{"line":127,"column":42},"end":{"line":127,"column":48}},"loc":{"start":{"line":127,"column":48},"end":{"line":127,"column":68}},"line":127},"12":{"name":"(anonymous_12)","decl":{"start":{"line":131,"column":19},"end":{"line":131,"column":25}},"loc":{"start":{"line":131,"column":25},"end":{"line":131,"column":null}},"line":131},"13":{"name":"(anonymous_13)","decl":{"start":{"line":139,"column":46},"end":{"line":139,"column":52}},"loc":{"start":{"line":139,"column":52},"end":{"line":139,"column":74}},"line":139},"14":{"name":"(anonymous_14)","decl":{"start":{"line":149,"column":22},"end":{"line":149,"column":23}},"loc":{"start":{"line":149,"column":29},"end":{"line":149,"column":null}},"line":149},"15":{"name":"(anonymous_15)","decl":{"start":{"line":160,"column":22},"end":{"line":160,"column":23}},"loc":{"start":{"line":160,"column":29},"end":{"line":160,"column":null}},"line":160},"16":{"name":"(anonymous_16)","decl":{"start":{"line":169,"column":83},"end":{"line":169,"column":89}},"loc":{"start":{"line":169,"column":89},"end":{"line":169,"column":null}},"line":169}},"branchMap":{"0":{"loc":{"start":{"line":55,"column":4},"end":{"line":57,"column":null}},"type":"if","locations":[{"start":{"line":55,"column":4},"end":{"line":57,"column":null}},{"start":{"line":55,"column":48},"end":{"line":57,"column":null}}],"line":55},"1":{"loc":{"start":{"line":55,"column":48},"end":{"line":57,"column":null}},"type":"if","locations":[{"start":{"line":55,"column":48},"end":{"line":57,"column":null}},{"start":{"line":57,"column":9},"end":{"line":57,"column":null}}],"line":55},"2":{"loc":{"start":{"line":97,"column":6},"end":{"line":99,"column":null}},"type":"if","locations":[{"start":{"line":97,"column":6},"end":{"line":99,"column":null}},{"start":{},"end":{}}],"line":97},"3":{"loc":{"start":{"line":100,"column":6},"end":{"line":102,"column":null}},"type":"if","locations":[{"start":{"line":100,"column":6},"end":{"line":102,"column":null}},{"start":{},"end":{}}],"line":100},"4":{"loc":{"start":{"line":117,"column":19},"end":{"line":117,"column":41}},"type":"binary-expr","locations":[{"start":{"line":117,"column":19},"end":{"line":117,"column":40}},{"start":{"line":117,"column":40},"end":{"line":117,"column":41}}],"line":117},"5":{"loc":{"start":{"line":118,"column":16},"end":{"line":118,"column":35}},"type":"binary-expr","locations":[{"start":{"line":118,"column":16},"end":{"line":118,"column":34}},{"start":{"line":118,"column":34},"end":{"line":118,"column":35}}],"line":118},"6":{"loc":{"start":{"line":123,"column":2},"end":{"line":123,"column":null}},"type":"if","locations":[{"start":{"line":123,"column":2},"end":{"line":123,"column":null}},{"start":{},"end":{}}],"line":123},"7":{"loc":{"start":{"line":148,"column":19},"end":{"line":148,"column":null}},"type":"binary-expr","locations":[{"start":{"line":148,"column":19},"end":{"line":148,"column":34}},{"start":{"line":148,"column":34},"end":{"line":148,"column":null}}],"line":148},"8":{"loc":{"start":{"line":159,"column":19},"end":{"line":159,"column":null}},"type":"binary-expr","locations":[{"start":{"line":159,"column":19},"end":{"line":159,"column":31}},{"start":{"line":159,"column":31},"end":{"line":159,"column":null}}],"line":159},"9":{"loc":{"start":{"line":174,"column":9},"end":{"line":188,"column":null}},"type":"binary-expr","locations":[{"start":{"line":174,"column":9},"end":{"line":174,"column":null}},{"start":{"line":175,"column":10},"end":{"line":188,"column":null}}],"line":174},"10":{"loc":{"start":{"line":191,"column":9},"end":{"line":191,"column":null}},"type":"binary-expr","locations":[{"start":{"line":191,"column":9},"end":{"line":191,"column":20}},{"start":{"line":191,"column":20},"end":{"line":191,"column":null}}],"line":191}},"s":{"0":2,"1":7,"2":7,"3":7,"4":7,"5":7,"6":7,"7":7,"8":7,"9":7,"10":7,"11":0,"12":0,"13":0,"14":0,"15":0,"16":0,"17":7,"18":7,"19":7,"20":7,"21":0,"22":0,"23":0,"24":0,"25":0,"26":7,"27":7,"28":7,"29":0,"30":0,"31":7,"32":7,"33":7,"34":7,"35":0,"36":0,"37":0,"38":0,"39":0,"40":0,"41":0,"42":0,"43":0,"44":0,"45":0,"46":0,"47":7,"48":0,"49":0,"50":0,"51":0,"52":7,"53":7,"54":0,"55":0,"56":0,"57":0,"58":0,"59":0,"60":0},"f":{"0":7,"1":0,"2":7,"3":7,"4":7,"5":0,"6":0,"7":7,"8":0,"9":0,"10":0,"11":0,"12":0,"13":0,"14":0,"15":0,"16":0},"b":{"0":[0,0],"1":[0,0],"2":[0,0],"3":[0,0],"4":[0,0],"5":[0,0],"6":[7,0],"7":[0,0],"8":[7,0],"9":[7,0],"10":[7,0]},"meta":{"lastBranch":11,"lastFunction":17,"lastStatement":61,"seen":{"s:38:43:197:Infinity":0,"f:38:43:38:49":0,"s:39:18:39:Infinity":1,"s:40:20:40:Infinity":2,"s:41:8:41:Infinity":3,"s:42:28:42:Infinity":4,"s:43:36:43:Infinity":5,"s:44:30:44:Infinity":6,"s:45:38:45:Infinity":7,"s:46:28:46:Infinity":8,"s:47:34:47:Infinity":9,"s:53:30:58:Infinity":10,"f:53:30:53:36":1,"s:54:17:54:Infinity":11,"b:55:4:57:Infinity:55:48:57:Infinity":0,"s:55:4:57:Infinity":12,"s:55:31:55:Infinity":13,"b:55:48:57:Infinity:57:9:57:Infinity":1,"s:55:48:57:Infinity":14,"s:56:35:56:Infinity":15,"s:57:9:57:Infinity":16,"s:61:2:75:Infinity":17,"f:61:12:61:18":2,"s:62:32:72:Infinity":18,"f:62:32:62:44":3,"s:63:6:71:Infinity":19,"s:64:31:64:Infinity":20,"s:65:8:65:Infinity":21,"s:66:8:66:Infinity":22,"s:67:8:67:Infinity":23,"s:69:8:69:Infinity":24,"s:70:8:70:Infinity":25,"s:74:4:74:Infinity":26,"s:78:2:87:Infinity":27,"f:78:12:78:18":4,"s:79:33:81:Infinity":28,"f:79:33:79:39":5,"s:80:6:80:Infinity":29,"f:80:20:80:21":6,"s:80:30:80:34":30,"s:83:4:83:Infinity":31,"s:84:4:86:Infinity":32,"f:84:11:84:17":7,"s:85:6:85:Infinity":33,"s:94:28:111:Infinity":34,"f:94:28:94:40":8,"s:95:4:95:Infinity":35,"s:96:4:109:Infinity":36,"b:97:6:99:Infinity:undefined:undefined:undefined:undefined":2,"s:97:6:99:Infinity":37,"s:98:8:98:Infinity":38,"b:100:6:102:Infinity:undefined:undefined:undefined:undefined":3,"s:100:6:102:Infinity":39,"s:101:8:101:Infinity":40,"s:103:6:103:Infinity":41,"s:105:6:105:Infinity":42,"f:105:17:105:23":9,"s:105:23:105:46":43,"s:107:6:107:Infinity":44,"s:108:6:108:Infinity":45,"s:110:4:110:Infinity":46,"s:116:23:121:Infinity":47,"f:116:23:116:29":10,"s:117:4:117:Infinity":48,"b:117:19:117:40:117:40:117:41":4,"s:118:4:118:Infinity":49,"b:118:16:118:34:118:34:118:35":5,"s:119:4:119:Infinity":50,"s:120:4:120:Infinity":51,"b:123:2:123:Infinity:undefined:undefined:undefined:undefined":6,"s:123:2:123:Infinity":52,"s:123:16:123:Infinity":53,"s:125:2:195:Infinity":54,"f:127:42:127:48":11,"s:127:48:127:68":55,"f:131:19:131:25":12,"s:131:25:131:Infinity":56,"f:139:46:139:52":13,"s:139:52:139:74":57,"b:148:19:148:34:148:34:148:Infinity":7,"f:149:22:149:23":14,"s:149:29:149:Infinity":58,"b:159:19:159:31:159:31:159:Infinity":8,"f:160:22:160:23":15,"s:160:29:160:Infinity":59,"f:169:83:169:89":16,"s:169:89:169:Infinity":60,"b:174:9:174:Infinity:175:10:188:Infinity":9,"b:191:9:191:20:191:20:191:Infinity":10}}}
,"/home/runner/work/frontend/frontend/src/pages/DeleteProductPage.tsx": {"path":"/home/runner/work/frontend/frontend/src/pages/DeleteProductPage.tsx","statementMap":{"0":{"start":{"line":36,"column":36},"end":{"line":217,"column":null}},"1":{"start":{"line":37,"column":18},"end":{"line":37,"column":null}},"2":{"start":{"line":38,"column":8},"end":{"line":38,"column":null}},"3":{"start":{"line":39,"column":36},"end":{"line":39,"column":null}},"4":{"start":{"line":40,"column":30},"end":{"line":40,"column":null}},"5":{"start":{"line":41,"column":44},"end":{"line":41,"column":null}},"6":{"start":{"line":42,"column":38},"end":{"line":42,"column":null}},"7":{"start":{"line":43,"column":28},"end":{"line":43,"column":null}},"8":{"start":{"line":44,"column":34},"end":{"line":44,"column":null}},"9":{"start":{"line":47,"column":2},"end":{"line":56,"column":null}},"10":{"start":{"line":48,"column":33},"end":{"line":50,"column":null}},"11":{"start":{"line":49,"column":6},"end":{"line":49,"column":null}},"12":{"start":{"line":49,"column":30},"end":{"line":49,"column":34}},"13":{"start":{"line":52,"column":4},"end":{"line":52,"column":null}},"14":{"start":{"line":53,"column":4},"end":{"line":55,"column":null}},"15":{"start":{"line":54,"column":6},"end":{"line":54,"column":null}},"16":{"start":{"line":61,"column":23},"end":{"line":85,"column":null}},"17":{"start":{"line":62,"column":18},"end":{"line":62,"column":null}},"18":{"start":{"line":63,"column":4},"end":{"line":63,"column":null}},"19":{"start":{"line":64,"column":4},"end":{"line":64,"column":null}},"20":{"start":{"line":65,"column":4},"end":{"line":65,"column":null}},"21":{"start":{"line":67,"column":4},"end":{"line":84,"column":null}},"22":{"start":{"line":68,"column":6},"end":{"line":80,"column":null}},"23":{"start":{"line":69,"column":24},"end":{"line":69,"column":null}},"24":{"start":{"line":70,"column":8},"end":{"line":75,"column":null}},"25":{"start":{"line":71,"column":10},"end":{"line":71,"column":null}},"26":{"start":{"line":72,"column":10},"end":{"line":72,"column":null}},"27":{"start":{"line":74,"column":10},"end":{"line":74,"column":null}},"28":{"start":{"line":77,"column":8},"end":{"line":77,"column":null}},"29":{"start":{"line":78,"column":8},"end":{"line":78,"column":null}},"30":{"start":{"line":79,"column":8},"end":{"line":79,"column":null}},"31":{"start":{"line":82,"column":6},"end":{"line":82,"column":null}},"32":{"start":{"line":83,"column":6},"end":{"line":83,"column":null}},"33":{"start":{"line":90,"column":29},"end":{"line":94,"column":null}},"34":{"start":{"line":91,"column":4},"end":{"line":91,"column":null}},"35":{"start":{"line":92,"column":4},"end":{"line":92,"column":null}},"36":{"start":{"line":93,"column":4},"end":{"line":93,"column":null}},"37":{"start":{"line":100,"column":23},"end":{"line":113,"column":null}},"38":{"start":{"line":101,"column":4},"end":{"line":101,"column":null}},"39":{"start":{"line":101,"column":26},"end":{"line":101,"column":null}},"40":{"start":{"line":103,"column":4},"end":{"line":112,"column":null}},"41":{"start":{"line":104,"column":6},"end":{"line":104,"column":null}},"42":{"start":{"line":105,"column":6},"end":{"line":105,"column":null}},"43":{"start":{"line":106,"column":6},"end":{"line":106,"column":null}},"44":{"start":{"line":106,"column":28},"end":{"line":106,"column":75}},"45":{"start":{"line":106,"column":47},"end":{"line":106,"column":74}},"46":{"start":{"line":107,"column":6},"end":{"line":107,"column":null}},"47":{"start":{"line":108,"column":6},"end":{"line":108,"column":null}},"48":{"start":{"line":110,"column":6},"end":{"line":110,"column":null}},"49":{"start":{"line":111,"column":6},"end":{"line":111,"column":null}},"50":{"start":{"line":118,"column":26},"end":{"line":121,"column":null}},"51":{"start":{"line":119,"column":4},"end":{"line":119,"column":null}},"52":{"start":{"line":120,"column":4},"end":{"line":120,"column":null}},"53":{"start":{"line":123,"column":2},"end":{"line":215,"column":null}},"54":{"start":{"line":126,"column":48},"end":{"line":126,"column":68}},"55":{"start":{"line":131,"column":25},"end":{"line":131,"column":null}},"56":{"start":{"line":140,"column":52},"end":{"line":140,"column":74}},"57":{"start":{"line":161,"column":12},"end":{"line":169,"column":null}},"58":{"start":{"line":166,"column":29},"end":{"line":166,"column":null}},"59":{"start":{"line":179,"column":31},"end":{"line":179,"column":null}}},"fnMap":{"0":{"name":"(anonymous_0)","decl":{"start":{"line":36,"column":36},"end":{"line":36,"column":42}},"loc":{"start":{"line":36,"column":42},"end":{"line":217,"column":null}},"line":36},"1":{"name":"(anonymous_1)","decl":{"start":{"line":47,"column":12},"end":{"line":47,"column":18}},"loc":{"start":{"line":47,"column":18},"end":{"line":56,"column":5}},"line":47},"2":{"name":"(anonymous_2)","decl":{"start":{"line":48,"column":33},"end":{"line":48,"column":39}},"loc":{"start":{"line":48,"column":39},"end":{"line":50,"column":null}},"line":48},"3":{"name":"(anonymous_3)","decl":{"start":{"line":49,"column":20},"end":{"line":49,"column":21}},"loc":{"start":{"line":49,"column":30},"end":{"line":49,"column":34}},"line":49},"4":{"name":"(anonymous_4)","decl":{"start":{"line":53,"column":11},"end":{"line":53,"column":17}},"loc":{"start":{"line":53,"column":17},"end":{"line":55,"column":null}},"line":53},"5":{"name":"(anonymous_5)","decl":{"start":{"line":61,"column":23},"end":{"line":61,"column":30}},"loc":{"start":{"line":61,"column":73},"end":{"line":85,"column":null}},"line":61},"6":{"name":"(anonymous_6)","decl":{"start":{"line":90,"column":29},"end":{"line":90,"column":30}},"loc":{"start":{"line":90,"column":72},"end":{"line":94,"column":null}},"line":90},"7":{"name":"(anonymous_7)","decl":{"start":{"line":100,"column":23},"end":{"line":100,"column":35}},"loc":{"start":{"line":100,"column":35},"end":{"line":113,"column":null}},"line":100},"8":{"name":"(anonymous_8)","decl":{"start":{"line":106,"column":18},"end":{"line":106,"column":19}},"loc":{"start":{"line":106,"column":28},"end":{"line":106,"column":75}},"line":106},"9":{"name":"(anonymous_9)","decl":{"start":{"line":106,"column":40},"end":{"line":106,"column":41}},"loc":{"start":{"line":106,"column":47},"end":{"line":106,"column":74}},"line":106},"10":{"name":"(anonymous_10)","decl":{"start":{"line":118,"column":26},"end":{"line":118,"column":32}},"loc":{"start":{"line":118,"column":32},"end":{"line":121,"column":null}},"line":118},"11":{"name":"(anonymous_11)","decl":{"start":{"line":126,"column":42},"end":{"line":126,"column":48}},"loc":{"start":{"line":126,"column":48},"end":{"line":126,"column":68}},"line":126},"12":{"name":"(anonymous_12)","decl":{"start":{"line":131,"column":19},"end":{"line":131,"column":25}},"loc":{"start":{"line":131,"column":25},"end":{"line":131,"column":null}},"line":131},"13":{"name":"(anonymous_13)","decl":{"start":{"line":140,"column":46},"end":{"line":140,"column":52}},"loc":{"start":{"line":140,"column":52},"end":{"line":140,"column":74}},"line":140},"14":{"name":"(anonymous_14)","decl":{"start":{"line":160,"column":24},"end":{"line":160,"column":25}},"loc":{"start":{"line":161,"column":12},"end":{"line":169,"column":null}},"line":161},"15":{"name":"(anonymous_15)","decl":{"start":{"line":166,"column":23},"end":{"line":166,"column":29}},"loc":{"start":{"line":166,"column":29},"end":{"line":166,"column":null}},"line":166},"16":{"name":"(anonymous_16)","decl":{"start":{"line":179,"column":25},"end":{"line":179,"column":31}},"loc":{"start":{"line":179,"column":31},"end":{"line":179,"column":null}},"line":179}},"branchMap":{"0":{"loc":{"start":{"line":67,"column":4},"end":{"line":84,"column":null}},"type":"if","locations":[{"start":{"line":67,"column":4},"end":{"line":84,"column":null}},{"start":{"line":81,"column":11},"end":{"line":84,"column":null}}],"line":67},"1":{"loc":{"start":{"line":70,"column":8},"end":{"line":75,"column":null}},"type":"if","locations":[{"start":{"line":70,"column":8},"end":{"line":75,"column":null}},{"start":{"line":73,"column":15},"end":{"line":75,"column":null}}],"line":70},"2":{"loc":{"start":{"line":70,"column":12},"end":{"line":70,"column":46}},"type":"binary-expr","locations":[{"start":{"line":70,"column":12},"end":{"line":70,"column":24}},{"start":{"line":70,"column":24},"end":{"line":70,"column":46}}],"line":70},"3":{"loc":{"start":{"line":101,"column":4},"end":{"line":101,"column":null}},"type":"if","locations":[{"start":{"line":101,"column":4},"end":{"line":101,"column":null}},{"start":{},"end":{}}],"line":101},"4":{"loc":{"start":{"line":156,"column":9},"end":{"line":156,"column":null}},"type":"binary-expr","locations":[{"start":{"line":156,"column":9},"end":{"line":156,"column":20}},{"start":{"line":156,"column":20},"end":{"line":156,"column":null}}],"line":156},"5":{"loc":{"start":{"line":164,"column":16},"end":{"line":164,"column":null}},"type":"cond-expr","locations":[{"start":{"line":164,"column":53},"end":{"line":164,"column":74}},{"start":{"line":164,"column":74},"end":{"line":164,"column":null}}],"line":164},"6":{"loc":{"start":{"line":173,"column":9},"end":{"line":190,"column":null}},"type":"binary-expr","locations":[{"start":{"line":173,"column":9},"end":{"line":173,"column":37}},{"start":{"line":173,"column":37},"end":{"line":173,"column":null}},{"start":{"line":174,"column":10},"end":{"line":190,"column":null}}],"line":173},"7":{"loc":{"start":{"line":193,"column":9},"end":{"line":210,"column":null}},"type":"binary-expr","locations":[{"start":{"line":193,"column":9},"end":{"line":193,"column":null}},{"start":{"line":194,"column":10},"end":{"line":210,"column":null}}],"line":193}},"s":{"0":2,"1":6,"2":6,"3":6,"4":6,"5":6,"6":6,"7":6,"8":6,"9":6,"10":6,"11":0,"12":0,"13":6,"14":6,"15":6,"16":6,"17":0,"18":0,"19":0,"20":0,"21":0,"22":0,"23":0,"24":0,"25":0,"26":0,"27":0,"28":0,"29":0,"30":0,"31":0,"32":0,"33":6,"34":0,"35":0,"36":0,"37":6,"38":0,"39":0,"40":0,"41":0,"42":0,"43":0,"44":0,"45":0,"46":0,"47":0,"48":0,"49":0,"50":6,"51":0,"52":0,"53":6,"54":0,"55":0,"56":0,"57":0,"58":0,"59":0},"f":{"0":6,"1":6,"2":0,"3":0,"4":6,"5":0,"6":0,"7":0,"8":0,"9":0,"10":0,"11":0,"12":0,"13":0,"14":0,"15":0,"16":0},"b":{"0":[0,0],"1":[0,0],"2":[0,0],"3":[0,0],"4":[6,0],"5":[0,0],"6":[6,0,0],"7":[6,0]},"meta":{"lastBranch":8,"lastFunction":17,"lastStatement":60,"seen":{"s:36:36:217:Infinity":0,"f:36:36:36:42":0,"s:37:18:37:Infinity":1,"s:38:8:38:Infinity":2,"s:39:36:39:Infinity":3,"s:40:30:40:Infinity":4,"s:41:44:41:Infinity":5,"s:42:38:42:Infinity":6,"s:43:28:43:Infinity":7,"s:44:34:44:Infinity":8,"s:47:2:56:Infinity":9,"f:47:12:47:18":1,"s:48:33:50:Infinity":10,"f:48:33:48:39":2,"s:49:6:49:Infinity":11,"f:49:20:49:21":3,"s:49:30:49:34":12,"s:52:4:52:Infinity":13,"s:53:4:55:Infinity":14,"f:53:11:53:17":4,"s:54:6:54:Infinity":15,"s:61:23:85:Infinity":16,"f:61:23:61:30":5,"s:62:18:62:Infinity":17,"s:63:4:63:Infinity":18,"s:64:4:64:Infinity":19,"s:65:4:65:Infinity":20,"b:67:4:84:Infinity:81:11:84:Infinity":0,"s:67:4:84:Infinity":21,"s:68:6:80:Infinity":22,"s:69:24:69:Infinity":23,"b:70:8:75:Infinity:73:15:75:Infinity":1,"s:70:8:75:Infinity":24,"b:70:12:70:24:70:24:70:46":2,"s:71:10:71:Infinity":25,"s:72:10:72:Infinity":26,"s:74:10:74:Infinity":27,"s:77:8:77:Infinity":28,"s:78:8:78:Infinity":29,"s:79:8:79:Infinity":30,"s:82:6:82:Infinity":31,"s:83:6:83:Infinity":32,"s:90:29:94:Infinity":33,"f:90:29:90:30":6,"s:91:4:91:Infinity":34,"s:92:4:92:Infinity":35,"s:93:4:93:Infinity":36,"s:100:23:113:Infinity":37,"f:100:23:100:35":7,"b:101:4:101:Infinity:undefined:undefined:undefined:undefined":3,"s:101:4:101:Infinity":38,"s:101:26:101:Infinity":39,"s:103:4:112:Infinity":40,"s:104:6:104:Infinity":41,"s:105:6:105:Infinity":42,"s:106:6:106:Infinity":43,"f:106:18:106:19":8,"s:106:28:106:75":44,"f:106:40:106:41":9,"s:106:47:106:74":45,"s:107:6:107:Infinity":46,"s:108:6:108:Infinity":47,"s:110:6:110:Infinity":48,"s:111:6:111:Infinity":49,"s:118:26:121:Infinity":50,"f:118:26:118:32":10,"s:119:4:119:Infinity":51,"s:120:4:120:Infinity":52,"s:123:2:215:Infinity":53,"f:126:42:126:48":11,"s:126:48:126:68":54,"f:131:19:131:25":12,"s:131:25:131:Infinity":55,"f:140:46:140:52":13,"s:140:52:140:74":56,"b:156:9:156:20:156:20:156:Infinity":4,"f:160:24:160:25":14,"s:161:12:169:Infinity":57,"b:164:53:164:74:164:74:164:Infinity":5,"f:166:23:166:29":15,"s:166:29:166:Infinity":58,"b:173:9:173:37:173:37:173:Infinity:174:10:190:Infinity":6,"f:179:25:179:31":16,"s:179:31:179:Infinity":59,"b:193:9:193:Infinity:194:10:210:Infinity":7}}}
,"/home/runner/work/frontend/frontend/src/pages/HomePage.tsx": {"path":"/home/runner/work/frontend/frontend/src/pages/HomePage.tsx","statementMap":{"0":{"start":{"line":28,"column":27},"end":{"line":62,"column":null}},"1":{"start":{"line":29,"column":12},"end":{"line":29,"column":null}},"2":{"start":{"line":30,"column":8},"end":{"line":30,"column":null}},"3":{"start":{"line":32,"column":2},"end":{"line":60,"column":null}},"4":{"start":{"line":52,"column":27},"end":{"line":52,"column":null}}},"fnMap":{"0":{"name":"(anonymous_0)","decl":{"start":{"line":28,"column":27},"end":{"line":28,"column":33}},"loc":{"start":{"line":28,"column":33},"end":{"line":62,"column":null}},"line":28},"1":{"name":"(anonymous_1)","decl":{"start":{"line":52,"column":21},"end":{"line":52,"column":27}},"loc":{"start":{"line":52,"column":27},"end":{"line":52,"column":null}},"line":52}},"branchMap":{},"s":{"0":4,"1":24,"2":24,"3":24,"4":0},"f":{"0":24,"1":0},"b":{},"meta":{"lastBranch":0,"lastFunction":2,"lastStatement":5,"seen":{"s:28:27:62:Infinity":0,"f:28:27:28:33":0,"s:29:12:29:Infinity":1,"s:30:8:30:Infinity":2,"s:32:2:60:Infinity":3,"f:52:21:52:27":1,"s:52:27:52:Infinity":4}}}
,"/home/runner/work/frontend/frontend/src/pages/ListStockPage.tsx": {"path":"/home/runner/work/frontend/frontend/src/pages/ListStockPage.tsx","statementMap":{"0":{"start":{"line":31,"column":26},"end":{"line":31,"column":null}},"1":{"start":{"line":38,"column":32},"end":{"line":208,"column":null}},"2":{"start":{"line":39,"column":18},"end":{"line":39,"column":null}},"3":{"start":{"line":40,"column":30},"end":{"line":40,"column":null}},"4":{"start":{"line":41,"column":34},"end":{"line":41,"column":null}},"5":{"start":{"line":42,"column":36},"end":{"line":42,"column":null}},"6":{"start":{"line":43,"column":28},"end":{"line":43,"column":null}},"7":{"start":{"line":44,"column":24},"end":{"line":44,"column":null}},"8":{"start":{"line":45,"column":34},"end":{"line":45,"column":null}},"9":{"start":{"line":46,"column":8},"end":{"line":46,"column":null}},"10":{"start":{"line":51,"column":30},"end":{"line":56,"column":null}},"11":{"start":{"line":52,"column":17},"end":{"line":52,"column":null}},"12":{"start":{"line":53,"column":4},"end":{"line":55,"column":null}},"13":{"start":{"line":53,"column":31},"end":{"line":53,"column":null}},"14":{"start":{"line":53,"column":48},"end":{"line":55,"column":null}},"15":{"start":{"line":54,"column":35},"end":{"line":54,"column":null}},"16":{"start":{"line":55,"column":9},"end":{"line":55,"column":null}},"17":{"start":{"line":59,"column":2},"end":{"line":82,"column":null}},"18":{"start":{"line":60,"column":26},"end":{"line":79,"column":null}},"19":{"start":{"line":61,"column":6},"end":{"line":61,"column":null}},"20":{"start":{"line":62,"column":6},"end":{"line":62,"column":null}},"21":{"start":{"line":64,"column":6},"end":{"line":78,"column":null}},"22":{"start":{"line":65,"column":25},"end":{"line":65,"column":null}},"23":{"start":{"line":66,"column":8},"end":{"line":72,"column":null}},"24":{"start":{"line":67,"column":10},"end":{"line":67,"column":null}},"25":{"start":{"line":68,"column":10},"end":{"line":68,"column":null}},"26":{"start":{"line":70,"column":10},"end":{"line":70,"column":null}},"27":{"start":{"line":71,"column":10},"end":{"line":71,"column":null}},"28":{"start":{"line":74,"column":8},"end":{"line":74,"column":null}},"29":{"start":{"line":75,"column":8},"end":{"line":75,"column":null}},"30":{"start":{"line":77,"column":8},"end":{"line":77,"column":null}},"31":{"start":{"line":81,"column":4},"end":{"line":81,"column":null}},"32":{"start":{"line":85,"column":2},"end":{"line":94,"column":null}},"33":{"start":{"line":86,"column":33},"end":{"line":88,"column":null}},"34":{"start":{"line":87,"column":6},"end":{"line":87,"column":null}},"35":{"start":{"line":87,"column":30},"end":{"line":87,"column":34}},"36":{"start":{"line":90,"column":4},"end":{"line":90,"column":null}},"37":{"start":{"line":91,"column":4},"end":{"line":93,"column":null}},"38":{"start":{"line":92,"column":6},"end":{"line":92,"column":null}},"39":{"start":{"line":99,"column":27},"end":{"line":103,"column":null}},"40":{"start":{"line":100,"column":4},"end":{"line":102,"column":null}},"41":{"start":{"line":101,"column":6},"end":{"line":101,"column":null}},"42":{"start":{"line":109,"column":22},"end":{"line":129,"column":null}},"43":{"start":{"line":110,"column":4},"end":{"line":113,"column":null}},"44":{"start":{"line":111,"column":6},"end":{"line":111,"column":null}},"45":{"start":{"line":112,"column":6},"end":{"line":112,"column":null}},"46":{"start":{"line":1
[...]
0},"end":{"line":39,"column":null}},"4":{"start":{"line":40,"column":44},"end":{"line":46,"column":null}},"5":{"start":{"line":47,"column":34},"end":{"line":47,"column":null}},"6":{"start":{"line":48,"column":8},"end":{"line":48,"column":null}},"7":{"start":{"line":51,"column":2},"end":{"line":60,"column":null}},"8":{"start":{"line":52,"column":33},"end":{"line":54,"column":null}},"9":{"start":{"line":53,"column":6},"end":{"line":53,"column":null}},"10":{"start":{"line":53,"column":30},"end":{"line":53,"column":34}},"11":{"start":{"line":56,"column":4},"end":{"line":56,"column":null}},"12":{"start":{"line":57,"column":4},"end":{"line":59,"column":null}},"13":{"start":{"line":58,"column":6},"end":{"line":58,"column":null}},"14":{"start":{"line":66,"column":23},"end":{"line":82,"column":null}},"15":{"start":{"line":67,"column":18},"end":{"line":67,"column":null}},"16":{"start":{"line":68,"column":4},"end":{"line":68,"column":null}},"17":{"start":{"line":69,"column":4},"end":{"line":69,"column":null}},"18":{"start":{"line":71,"column":4},"end":{"line":81,"column":null}},"19":{"start":{"line":72,"column":6},"end":{"line":78,"column":null}},"20":{"start":{"line":73,"column":24},"end":{"line":73,"column":null}},"21":{"start":{"line":74,"column":8},"end":{"line":74,"column":null}},"22":{"start":{"line":76,"column":8},"end":{"line":76,"column":null}},"23":{"start":{"line":77,"column":8},"end":{"line":77,"column":null}},"24":{"start":{"line":80,"column":6},"end":{"line":80,"column":null}},"25":{"start":{"line":87,"column":29},"end":{"line":95,"column":null}},"26":{"start":{"line":88,"column":4},"end":{"line":94,"column":null}},"27":{"start":{"line":89,"column":29},"end":{"line":89,"column":null}},"28":{"start":{"line":90,"column":6},"end":{"line":90,"column":null}},"29":{"start":{"line":92,"column":6},"end":{"line":92,"column":null}},"30":{"start":{"line":93,"column":6},"end":{"line":93,"column":null}},"31":{"start":{"line":97,"column":2},"end":{"line":170,"column":null}},"32":{"start":{"line":99,"column":48},"end":{"line":99,"column":68}},"33":{"start":{"line":103,"column":25},"end":{"line":103,"column":null}},"34":{"start":{"line":111,"column":52},"end":{"line":111,"column":74}},"35":{"start":{"line":128,"column":16},"end":{"line":134,"column":null}},"36":{"start":{"line":131,"column":33},"end":{"line":131,"column":null}},"37":{"start":{"line":155,"column":92},"end":{"line":155,"column":null}},"38":{"start":{"line":160,"column":31},"end":{"line":160,"column":null}}},"fnMap":{"0":{"name":"(anonymous_0)","decl":{"start":{"line":36,"column":36},"end":{"line":36,"column":42}},"loc":{"start":{"line":36,"column":42},"end":{"line":172,"column":null}},"line":36},"1":{"name":"(anonymous_1)","decl":{"start":{"line":51,"column":12},"end":{"line":51,"column":18}},"loc":{"start":{"line":51,"column":18},"end":{"line":60,"column":5}},"line":51},"2":{"name":"(anonymous_2)","decl":{"start":{"line":52,"column":33},"end":{"line":52,"column":39}},"loc":{"start":{"line":52,"column":39},"end":{"line":54,"column":null}},"line":52},"3":{"name":"(anonymous_3)","decl":{"start":{"line":53,"column":20},"end":{"line":53,"column":21}},"loc":{"start":{"line":53,"column":30},"end":{"line":53,"column":34}},"line":53},"4":{"name":"(anonymous_4)","decl":{"start":{"line":57,"column":11},"end":{"line":57,"column":17}},"loc":{"start":{"line":57,"column":17},"end":{"line":59,"column":null}},"line":57},"5":{"name":"(anonymous_5)","decl":{"start":{"line":66,"column":23},"end":{"line":66,"column":30}},"loc":{"start":{"line":66,"column":73},"end":{"line":82,"column":null}},"line":66},"6":{"name":"(anonymous_6)","decl":{"start":{"line":87,"column":29},"end":{"line":87,"column":36}},"loc":{"start":{"line":87,"column":58},"end":{"line":95,"column":null}},"line":87},"7":{"name":"(anonymous_7)","decl":{"start":{"line":99,"column":42},"end":{"line":99,"column":48}},"loc":{"start":{"line":99,"column":48},"end":{"line":99,"column":68}},"line":99},"8":{"name":"(anonymous_8)","decl":{"start":{"line":103,"column":19},"end":{"line":103,"column":25}},"loc":{"start":{"line":103,"column":25},"end":{"line":103,"column":null}},"line":103},"9":{"name":"(anonymous_9)","decl":{"start":{"line":111,"column":46},"end":{"line":111,"column":52}},"loc":{"start":{"line":111,"column":52},"end":{"line":111,"column":74}},"line":111},"10":{"name":"(anonymous_10)","decl":{"start":{"line":127,"column":28},"end":{"line":127,"column":29}},"loc":{"start":{"line":128,"column":16},"end":{"line":134,"column":null}},"line":128},"11":{"name":"(anonymous_11)","decl":{"start":{"line":131,"column":27},"end":{"line":131,"column":33}},"loc":{"start":{"line":131,"column":33},"end":{"line":131,"column":null}},"line":131},"12":{"name":"(anonymous_12)","decl":{"start":{"line":155,"column":86},"end":{"line":155,"column":92}},"loc":{"start":{"line":155,"column":92},"end":{"line":155,"column":null}},"line":155},"13":{"name":"(anonymous_13)","decl":{"start":{"line":160,"column":25},"end":{"line":160,"column":31}},"loc":{"start":{"line":160,"column":31},"end":{"line":160,"column":null}},"line":160}},"branchMap":{"0":{"loc":{"start":{"line":71,"column":4},"end":{"line":81,"column":null}},"type":"if","locations":[{"start":{"line":71,"column":4},"end":{"line":81,"column":null}},{"start":{"line":79,"column":11},"end":{"line":81,"column":null}}],"line":71},"1":{"loc":{"start":{"line":74,"column":20},"end":{"line":74,"column":64}},"type":"cond-expr","locations":[{"start":{"line":74,"column":52},"end":{"line":74,"column":62}},{"start":{"line":74,"column":62},"end":{"line":74,"column":64}}],"line":74},"2":{"loc":{"start":{"line":74,"column":20},"end":{"line":74,"column":52}},"type":"binary-expr","locations":[{"start":{"line":74,"column":20},"end":{"line":74,"column":31}},{"start":{"line":74,"column":31},"end":{"line":74,"column":52}}],"line":74},"3":{"loc":{"start":{"line":124,"column":9},"end":{"line":138,"column":null}},"type":"binary-expr","locations":[{"start":{"line":124,"column":9},"end":{"line":124,"column":null}},{"start":{"line":125,"column":11},"end":{"line":138,"column":null}}],"line":124},"4":{"loc":{"start":{"line":125,"column":11},"end":{"line":138,"column":null}},"type":"cond-expr","locations":[{"start":{"line":126,"column":12},"end":{"line":136,"column":null}},{"start":{"line":138,"column":12},"end":{"line":138,"column":null}}],"line":125},"5":{"loc":{"start":{"line":141,"column":9},"end":{"line":165,"column":null}},"type":"binary-expr","locations":[{"start":{"line":141,"column":9},"end":{"line":141,"column":null}},{"start":{"line":142,"column":10},"end":{"line":165,"column":null}}],"line":141}},"s":{"0":2,"1":10,"2":10,"3":10,"4":10,"5":10,"6":10,"7":10,"8":6,"9":0,"10":0,"11":6,"12":6,"13":6,"14":10,"15":2,"16":2,"17":2,"18":2,"19":2,"20":2,"21":0,"22":0,"23":0,"24":0,"25":10,"26":0,"27":0,"28":0,"29":0,"30":0,"31":10,"32":0,"33":0,"34":0,"35":0,"36":0,"37":0,"38":0},"f":{"0":10,"1":6,"2":0,"3":0,"4":6,"5":2,"6":0,"7":0,"8":0,"9":0,"10":0,"11":0,"12":0,"13":0},"b":{"0":[2,0],"1":[0,0],"2":[0,0],"3":[10,4],"4":[0,4],"5":[10,0]},"meta":{"lastBranch":6,"lastFunction":14,"lastStatement":39,"seen":{"s:36:36:172:Infinity":0,"f:36:36:36:42":0,"s:37:18:37:Infinity":1,"s:38:36:38:Infinity":2,"s:39:30:39:Infinity":3,"s:40:44:46:Infinity":4,"s:47:34:47:Infinity":5,"s:48:8:48:Infinity":6,"s:51:2:60:Infinity":7,"f:51:12:51:18":1,"s:52:33:54:Infinity":8,"f:52:33:52:39":2,"s:53:6:53:Infinity":9,"f:53:20:53:21":3,"s:53:30:53:34":10,"s:56:4:56:Infinity":11,"s:57:4:59:Infinity":12,"f:57:11:57:17":4,"s:58:6:58:Infinity":13,"s:66:23:82:Infinity":14,"f:66:23:66:30":5,"s:67:18:67:Infinity":15,"s:68:4:68:Infinity":16,"s:69:4:69:Infinity":17,"b:71:4:81:Infinity:79:11:81:Infinity":0,"s:71:4:81:Infinity":18,"s:72:6:78:Infinity":19,"s:73:24:73:Infinity":20,"s:74:8:74:Infinity":21,"b:74:52:74:62:74:62:74:64":1,"b:74:20:74:31:74:31:74:52":2,"s:76:8:76:Infinity":22,"s:77:8:77:Infinity":23,"s:80:6:80:Infinity":24,"s:87:29:95:Infinity":25,"f:87:29:87:36":6,"s:88:4:94:Infinity":26,"s:89:29:89:Infinity":27,"s:90:6:90:Infinity":28,"s:92:6:92:Infinity":29,"s:93:6:93:Infinity":30,"s:97:2:170:Infinity":31,"f:99:42:99:48":7,"s:99:48:99:68":32,"f:103:19:103:25":8,"s:103:25:103:Infinity":33,"f:111:46:111:52":9,"s:111:52:111:74":34,"b:124:9:124:Infinity:125:11:138:Infinity":3,"b:126:12:136:Infinity:138:12:138:Infinity":4,"f:127:28:127:29":10,"s:128:16:134:Infinity":35,"f:131:27:131:33":11,"s:131:33:131:Infinity":36,"b:141:9:141:Infinity:142:10:165:Infinity":5,"f:155:86:155:92":12,"s:155:92:155:Infinity":37,"f:160:25:160:31":13,"s:160:31:160:Infinity":38}}}
,"/home/runner/work/frontend/frontend/src/pages/UserDashboard.tsx": {"path":"/home/runner/work/frontend/frontend/src/pages/UserDashboard.tsx","statementMap":{"0":{"start":{"line":37,"column":32},"end":{"line":152,"column":null}},"1":{"start":{"line":38,"column":18},"end":{"line":38,"column":null}},"2":{"start":{"line":39,"column":8},"end":{"line":39,"column":null}},"3":{"start":{"line":40,"column":42},"end":{"line":40,"column":null}},"4":{"start":{"line":41,"column":34},"end":{"line":41,"column":null}},"5":{"start":{"line":42,"column":46},"end":{"line":44,"column":null}},"6":{"start":{"line":45,"column":28},"end":{"line":45,"column":null}},"7":{"start":{"line":46,"column":24},"end":{"line":46,"column":null}},"8":{"start":{"line":47,"column":34},"end":{"line":47,"column":null}},"9":{"start":{"line":50,"column":2},"end":{"line":57,"column":null}},"10":{"start":{"line":51,"column":17},"end":{"line":51,"column":null}},"11":{"start":{"line":52,"column":4},"end":{"line":56,"column":null}},"12":{"start":{"line":53,"column":6},"end":{"line":53,"column":null}},"13":{"start":{"line":55,"column":6},"end":{"line":55,"column":null}},"14":{"start":{"line":62,"column":2},"end":{"line":80,"column":null}},"15":{"start":{"line":63,"column":31},"end":{"line":77,"column":null}},"16":{"start":{"line":64,"column":6},"end":{"line":76,"column":null}},"17":{"start":{"line":65,"column":8},"end":{"line":65,"column":null}},"18":{"start":{"line":66,"column":8},"end":{"line":66,"column":null}},"19":{"start":{"line":68,"column":41},"end":{"line":68,"column":null}},"20":{"start":{"line":69,"column":8},"end":{"line":69,"column":null}},"21":{"start":{"line":70,"column":8},"end":{"line":70,"column":null}},"22":{"start":{"line":72,"column":8},"end":{"line":72,"column":null}},"23":{"start":{"line":73,"column":8},"end":{"line":73,"column":null}},"24":{"start":{"line":75,"column":8},"end":{"line":75,"column":null}},"25":{"start":{"line":79,"column":4},"end":{"line":79,"column":null}},"26":{"start":{"line":82,"column":2},"end":{"line":150,"column":null}},"27":{"start":{"line":88,"column":10},"end":{"line":88,"column":null}},"28":{"start":{"line":89,"column":10},"end":{"line":89,"column":null}},"29":{"start":{"line":96,"column":25},"end":{"line":96,"column":null}},"30":{"start":{"line":105,"column":52},"end":{"line":105,"column":74}},"31":{"start":{"line":130,"column":20},"end":{"line":132,"column":null}}},"fnMap":{"0":{"name":"(anonymous_0)","decl":{"start":{"line":37,"column":32},"end":{"line":37,"column":38}},"loc":{"start":{"line":37,"column":38},"end":{"line":152,"column":null}},"line":37},"1":{"name":"(anonymous_1)","decl":{"start":{"line":50,"column":12},"end":{"line":50,"column":18}},"loc":{"start":{"line":50,"column":18},"end":{"line":57,"column":5}},"line":50},"2":{"name":"(anonymous_2)","decl":{"start":{"line":62,"column":12},"end":{"line":62,"column":18}},"loc":{"start":{"line":62,"column":18},"end":{"line":80,"column":5}},"line":62},"3":{"name":"(anonymous_3)","decl":{"start":{"line":63,"column":31},"end":{"line":63,"column":43}},"loc":{"start":{"line":63,"column":43},"end":{"line":77,"column":null}},"line":63},"4":{"name":"(anonymous_4)","decl":{"start":{"line":87,"column":18},"end":{"line":87,"column":24}},"loc":{"start":{"line":87,"column":24},"end":{"line":90,"column":null}},"line":87},"5":{"name":"(anonymous_5)","decl":{"start":{"line":96,"column":19},"end":{"line":96,"column":25}},"loc":{"start":{"line":96,"column":25},"end":{"line":96,"column":null}},"line":96},"6":{"name":"(anonymous_6)","decl":{"start":{"line":105,"column":46},"end":{"line":105,"column":52}},"loc":{"start":{"line":105,"column":52},"end":{"line":105,"column":74}},"line":105},"7":{"name":"(anonymous_7)","decl":{"start":{"line":129,"column":40},"end":{"line":129,"column":41}},"loc":{"start":{"line":130,"column":20},"end":{"line":132,"column":null}},"line":130}},"branchMap":{"0":{"loc":{"start":{"line":52,"column":4},"end":{"line":56,"column":null}},"type":"if","locations":[{"start":{"line":52,"column":4},"end":{"line":56,"column":null}},{"start":{"line":54,"column":11},"end":{"line":56,"column":null}}],"line":52},"1":{"loc":{"start":{"line":112,"column":9},"end":{"line":139,"column":null}},"type":"cond-expr","locations":[{"start":{"line":113,"column":10},"end":{"line":113,"column":null}},{"start":{"line":114,"column":12},"end":{"line":139,"column":null}}],"line":112},"2":{"loc":{"start":{"line":114,"column":12},"end":{"line":139,"column":null}},"type":"cond-expr","locations":[{"start":{"line":115,"column":10},"end":{"line":115,"column":null}},{"start":{"line":117,"column":10},"end":{"line":139,"column":null}}],"line":114},"3":{"loc":{"start":{"line":127,"column":15},"end":{"line":136,"column":null}},"type":"cond-expr","locations":[{"start":{"line":128,"column":16},"end":{"line":134,"column":null}},{"start":{"line":136,"column":16},"end":{"line":136,"column":null}}],"line":127}},"s":{"0":3,"1":16,"2":16,"3":16,"4":16,"5":16,"6":16,"7":16,"8":16,"9":16,"10":8,"11":8,"12":0,"13":8,"14":16,"15":8,"16":8,"17":8,"18":8,"19":8,"20":0,"21":0,"22":0,"23":0,"24":0,"25":8,"26":16,"27":0,"28":0,"29":0,"30":0,"31":0},"f":{"0":16,"1":8,"2":8,"3":8,"4":0,"5":0,"6":0,"7":0},"b":{"0":[0,8],"1":[16,0],"2":[0,0],"3":[0,0]},"meta":{"lastBranch":4,"lastFunction":8,"lastStatement":32,"seen":{"s:37:32:152:Infinity":0,"f:37:32:37:38":0,"s:38:18:38:Infinity":1,"s:39:8:39:Infinity":2,"s:40:42:40:Infinity":3,"s:41:34:41:Infinity":4,"s:42:46:44:Infinity":5,"s:45:28:45:Infinity":6,"s:46:24:46:Infinity":7,"s:47:34:47:Infinity":8,"s:50:2:57:Infinity":9,"f:50:12:50:18":1,"s:51:17:51:Infinity":10,"b:52:4:56:Infinity:54:11:56:Infinity":0,"s:52:4:56:Infinity":11,"s:53:6:53:Infinity":12,"s:55:6:55:Infinity":13,"s:62:2:80:Infinity":14,"f:62:12:62:18":2,"s:63:31:77:Infinity":15,"f:63:31:63:43":3,"s:64:6:76:Infinity":16,"s:65:8:65:Infinity":17,"s:66:8:66:Infinity":18,"s:68:41:68:Infinity":19,"s:69:8:69:Infinity":20,"s:70:8:70:Infinity":21,"s:72:8:72:Infinity":22,"s:73:8:73:Infinity":23,"s:75:8:75:Infinity":24,"s:79:4:79:Infinity":25,"s:82:2:150:Infinity":26,"f:87:18:87:24":4,"s:88:10:88:Infinity":27,"s:89:10:89:Infinity":28,"f:96:19:96:25":5,"s:96:25:96:Infinity":29,"f:105:46:105:52":6,"s:105:52:105:74":30,"b:113:10:113:Infinity:114:12:139:Infinity":1,"b:115:10:115:Infinity:117:10:139:Infinity":2,"b:128:16:134:Infinity:136:16:136:Infinity":3,"f:129:40:129:41":7,"s:130:20:132:Infinity":31}}}
,"/home/runner/work/frontend/frontend/src/services/apiClient.ts": {"path":"/home/runner/work/frontend/frontend/src/services/apiClient.ts","statementMap":{"0":{"start":{"line":31,"column":18},"end":{"line":34,"column":null}},"1":{"start":{"line":40,"column":0},"end":{"line":53,"column":null}},"2":{"start":{"line":42,"column":18},"end":{"line":42,"column":null}},"3":{"start":{"line":43,"column":4},"end":{"line":45,"column":null}},"4":{"start":{"line":44,"column":6},"end":{"line":44,"column":null}},"5":{"start":{"line":46,"column":4},"end":{"line":46,"column":null}},"6":{"start":{"line":47,"column":4},"end":{"line":47,"column":null}},"7":{"start":{"line":50,"column":4},"end":{"line":50,"column":null}},"8":{"start":{"line":51,"column":4},"end":{"line":51,"column":null}},"9":{"start":{"line":59,"column":0},"end":{"line":75,"column":null}},"10":{"start":{"line":61,"column":4},"end":{"line":61,"column":null}},"11":{"start":{"line":62,"column":4},"end":{"line":62,"column":null}},"12":{"start":{"line":65,"column":4},"end":{"line":65,"column":null}},"13":{"start":{"line":68,"column":4},"end":{"line":71,"column":null}},"14":{"start":{"line":69,"column":6},"end":{"line":69,"column":null}},"15":{"start":{"line":70,"column":6},"end":{"line":70,"column":null}},"16":{"start":{"line":73,"column":4},"end":{"line":73,"column":null}}},"fnMap":{"0":{"name":"(anonymous_0)","decl":{"start":{"line":41,"column":2},"end":{"line":41,"column":3}},"loc":{"start":{"line":41,"column":14},"end":{"line":48,"column":null}},"line":41},"1":{"name":"(anonymous_1)","decl":{"start":{"line":49,"column":2},"end":{"line":49,"column":3}},"loc":{"start":{"line":49,"column":13},"end":{"line":52,"column":null}},"line":49},"2":{"name":"(anonymous_2)","decl":{"start":{"line":60,"column":2},"end":{"line":60,"column":3}},"loc":{"start":{"line":60,"column":16},"end":{"line":63,"column":null}},"line":60},"3":{"name":"(anonymous_3)","decl":{"start":{"line":64,"column":2},"end":{"line":64,"column":3}},"loc":{"start":{"line":64,"column":13},"end":{"line":74,"column":null}},"line":64}},"branchMap":{"0":{"loc":{"start":{"line":32,"column":11},"end":{"line":32,"column":null}},"type":"binary-expr","locations":[{"start":{"line":32,"column":11},"end":{"line":32,"column":48}},{"start":{"line":32,"column":48},"end":{"line":32,"column":null}}],"line":32},"1":{"loc":{"start":{"line":43,"column":4},"end":{"line":45,"column":null}},"type":"if","locations":[{"start":{"line":43,"column":4},"end":{"line":45,"column":null}},{"start":{},"end":{}}],"line":43},"2":{"loc":{"start":{"line":65,"column":32},"end":{"line":65,"column":69}},"type":"binary-expr","locations":[{"start":{"line":65,"column":32},"end":{"line":65,"column":56}},{"start":{"line":65,"column":56},"end":{"line":65,"column":69}}],"line":65},"3":{"loc":{"start":{"line":68,"column":4},"end":{"line":71,"column":null}},"type":"if","locations":[{"start":{"line":68,"column":4},"end":{"line":71,"column":null}},{"start":{},"end":{}}],"line":68}},"s":{"0":17,"1":17,"2":43,"3":43,"4":0,"5":43,"6":43,"7":0,"8":0,"9":17,"10":0,"11":0,"12":0,"13":0,"14":0,"15":0,"16":0},"f":{"0":43,"1":0,"2":0,"3":0},"b":{"0":[17,17],"1":[0,43],"2":[0,0],"3":[0,0]},"meta":{"lastBranch":4,"lastFunction":4,"lastStatement":17,"seen":{"s:31:18:34:Infinity":0,"b:32:11:32:48:32:48:32:Infinity":0,"s:40:0:53:Infinity":1,"f:41:2:41:3":0,"s:42:18:42:Infinity":2,"b:43:4:45:Infinity:undefined:undefined:undefined:undefined":1,"s:43:4:45:Infinity":3,"s:44:6:44:Infinity":4,"s:46:4:46:Infinity":5,"s:47:4:47:Infinity":6,"f:49:2:49:3":1,"s:50:4:50:Infinity":7,"s:51:4:51:Infinity":8,"s:59:0:75:Infinity":9,"f:60:2:60:3":2,"s:61:4:61:Infinity":10,"s:62:4:62:Infinity":11,"f:64:2:64:3":3,"s:65:4:65:Infinity":12,"b:65:32:65:56:65:56:65:69":2,"b:68:4:71:Infinity:undefined:undefined:undefined:undefined":3,"s:68:4:71:Infinity":13,"s:69:6:69:Infinity":14,"s:70:6:70:Infinity":15,"s:73:4:73:Infinity":16}}}
,"/home/runner/work/frontend/frontend/src/styles/addProduct.css": {"path":"/home/runner/work/frontend/frontend/src/styles/addProduct.css","statementMap":{},"fnMap":{},"branchMap":{},"s":{},"f":{},"b":{},"meta":{"lastBranch":0,"lastFunction":0,"lastStatement":0,"seen":{}}}
,"/home/runner/work/frontend/frontend/src/styles/header.css": {"path":"/home/runner/work/frontend/frontend/src/styles/header.css","statementMap":{},"fnMap":{},"branchMap":{},"s":{},"f":{},"b":{},"meta":{"lastBranch":0,"lastFunction":0,"lastStatement":0,"seen":{}}}
,"/home/runner/work/frontend/frontend/src/styles/login.css": {"path":"/home/runner/work/frontend/frontend/src/styles/login.css","statementMap":{},"fnMap":{},"branchMap":{},"s":{},"f":{},"b":{},"meta":{"lastBranch":0,"lastFunction":0,"lastStatement":0,"seen":{}}}
,"/home/runner/work/frontend/frontend/src/styles/tailwindCustom.css": {"path":"/home/runner/work/frontend/frontend/src/styles/tailwindCustom.css","statementMap":{},"fnMap":{},"branchMap":{},"s":{},"f":{},"b":{},"meta":{"lastBranch":0,"lastFunction":0,"lastStatement":0,"seen":{}}}
}
